<?xml version="1.0" encoding="UTF-8"?>
<!-- Generated by org.testng.reporters.JUnitXMLReporter -->
<testsuite hostname="Pragyas-MacBook-Pro.local" failures="0" tests="2000" name="Command line test" time="112.904" errors="0" timestamp="27 Mar 2020 08:42:31 GMT">
  <testcase classname="test.ComparatorTest" name="testApiResponse" time="1.248"/>
  <testcase classname="test.ComparatorTest" name="testApiResponse" time="2.114"/>
  <testcase classname="test.ComparatorTest" name="testApiResponse" time="2.113"/>
  <testcase classname="test.ComparatorTest" name="testApiResponse" time="2.113"/>
  <testcase classname="test.ComparatorTest" name="testApiResponse" time="2.115"/>
  <testcase classname="test.ComparatorTest" name="testApiResponse" time="2.115"/>
  <testcase classname="test.ComparatorTest" name="testApiResponse" time="0.866"/>
  <testcase classname="test.ComparatorTest" name="testApiResponse" time="2.115"/>
  <testcase classname="test.ComparatorTest" name="testApiResponse" time="2.121"/>
  <testcase classname="test.ComparatorTest" name="testApiResponse" time="2.14"/>
  <testcase classname="test.ComparatorTest" name="testApiResponse" time="0.028"/>
  <testcase classname="test.ComparatorTest" name="testApiResponse" time="2.391"/>
  <testcase classname="test.ComparatorTest" name="testApiResponse" time="0.363"/>
  <testcase classname="test.ComparatorTest" name="testApiResponse" time="0.363"/>
  <testcase classname="test.ComparatorTest" name="testApiResponse" time="0.363"/>
  <testcase classname="test.ComparatorTest" name="testApiResponse" time="0.367"/>
  <testcase classname="test.ComparatorTest" name="testApiResponse" time="0.373"/>
  <testcase classname="test.ComparatorTest" name="testApiResponse" time="0.405"/>
  <testcase classname="test.ComparatorTest" name="testApiResponse" time="0.401"/>
  <testcase classname="test.ComparatorTest" name="testApiResponse" time="0.449"/>
  <testcase classname="test.ComparatorTest" name="testApiResponse" time="0.388"/>
  <testcase classname="test.ComparatorTest" name="testApiResponse" time="0.363"/>
  <testcase classname="test.ComparatorTest" name="testApiResponse" time="0.71"/>
  <testcase classname="test.ComparatorTest" name="testApiResponse" time="0.012"/>
  <testcase classname="test.ComparatorTest" name="testApiResponse" time="0.377"/>
  <testcase classname="test.ComparatorTest" name="testApiResponse" time="0.387"/>
  <testcase classname="test.ComparatorTest" name="testApiResponse" time="0.402"/>
  <testcase classname="test.ComparatorTest" name="testApiResponse" time="0.404"/>
  <testcase classname="test.ComparatorTest" name="testApiResponse" time="0.379"/>
  <testcase classname="test.ComparatorTest" name="testApiResponse" time="0.397"/>
  <testcase classname="test.ComparatorTest" name="testApiResponse" time="0.377"/>
  <testcase classname="test.ComparatorTest" name="testApiResponse" time="0.39"/>
  <testcase classname="test.ComparatorTest" name="testApiResponse" time="0.329"/>
  <testcase classname="test.ComparatorTest" name="testApiResponse" time="0.348"/>
  <testcase classname="test.ComparatorTest" name="testApiResponse" time="0.361"/>
  <testcase classname="test.ComparatorTest" name="testApiResponse" time="0.393"/>
  <testcase classname="test.ComparatorTest" name="testApiResponse" time="0.378"/>
  <testcase classname="test.ComparatorTest" name="testApiResponse" time="0.39"/>
  <testcase classname="test.ComparatorTest" name="testApiResponse" time="0.361"/>
  <testcase classname="test.ComparatorTest" name="testApiResponse" time="0.38"/>
  <testcase classname="test.ComparatorTest" name="testApiResponse" time="0.368"/>
  <testcase classname="test.ComparatorTest" name="testApiResponse" time="0.344"/>
  <testcase classname="test.ComparatorTest" name="testApiResponse" time="0.338"/>
  <testcase classname="test.ComparatorTest" name="testApiResponse" time="0.399"/>
  <testcase classname="test.ComparatorTest" name="testApiResponse" time="0.338"/>
  <testcase classname="test.ComparatorTest" name="testApiResponse" time="0.381"/>
  <testcase classname="test.ComparatorTest" name="testApiResponse" time="0.39"/>
  <testcase classname="test.ComparatorTest" name="testApiResponse" time="0.384"/>
  <testcase classname="test.ComparatorTest" name="testApiResponse" time="0.385"/>
  <testcase classname="test.ComparatorTest" name="testApiResponse" time="0.38"/>
  <testcase classname="test.ComparatorTest" name="testApiResponse" time="0.408"/>
  <testcase classname="test.ComparatorTest" name="testApiResponse" time="0.379"/>
  <testcase classname="test.ComparatorTest" name="testApiResponse" time="0.361"/>
  <testcase classname="test.ComparatorTest" name="testApiResponse" time="0.317"/>
  <testcase classname="test.ComparatorTest" name="testApiResponse" time="0.333"/>
  <testcase classname="test.ComparatorTest" name="testApiResponse" time="0.364"/>
  <testcase classname="test.ComparatorTest" name="testApiResponse" time="0.348"/>
  <testcase classname="test.ComparatorTest" name="testApiResponse" time="0.337"/>
  <testcase classname="test.ComparatorTest" name="testApiResponse" time="0.393"/>
  <testcase classname="test.ComparatorTest" name="testApiResponse" time="0.341"/>
  <testcase classname="test.ComparatorTest" name="testApiResponse" time="0.349"/>
  <testcase classname="test.ComparatorTest" name="testApiResponse" time="0.359"/>
  <testcase classname="test.ComparatorTest" name="testApiResponse" time="0.352"/>
  <testcase classname="test.ComparatorTest" name="testApiResponse" time="0.366"/>
  <testcase classname="test.ComparatorTest" name="testApiResponse" time="0.374"/>
  <testcase classname="test.ComparatorTest" name="testApiResponse" time="0.341"/>
  <testcase classname="test.ComparatorTest" name="testApiResponse" time="0.385"/>
  <testcase classname="test.ComparatorTest" name="testApiResponse" time="0.338"/>
  <testcase classname="test.ComparatorTest" name="testApiResponse" time="0.336"/>
  <testcase classname="test.ComparatorTest" name="testApiResponse" time="0.352"/>
  <testcase classname="test.ComparatorTest" name="testApiResponse" time="0.358"/>
  <testcase classname="test.ComparatorTest" name="testApiResponse" time="0.331"/>
  <testcase classname="test.ComparatorTest" name="testApiResponse" time="0.344"/>
  <testcase classname="test.ComparatorTest" name="testApiResponse" time="0.382"/>
  <testcase classname="test.ComparatorTest" name="testApiResponse" time="0.356"/>
  <testcase classname="test.ComparatorTest" name="testApiResponse" time="0.336"/>
  <testcase classname="test.ComparatorTest" name="testApiResponse" time="0.339"/>
  <testcase classname="test.ComparatorTest" name="testApiResponse" time="0.382"/>
  <testcase classname="test.ComparatorTest" name="testApiResponse" time="0.339"/>
  <testcase classname="test.ComparatorTest" name="testApiResponse" time="0.373"/>
  <testcase classname="test.ComparatorTest" name="testApiResponse" time="0.351"/>
  <testcase classname="test.ComparatorTest" name="testApiResponse" time="0.361"/>
  <testcase classname="test.ComparatorTest" name="testApiResponse" time="0.371"/>
  <testcase classname="test.ComparatorTest" name="testApiResponse" time="0.341"/>
  <testcase classname="test.ComparatorTest" name="testApiResponse" time="0.346"/>
  <testcase classname="test.ComparatorTest" name="testApiResponse" time="0.35"/>
  <testcase classname="test.ComparatorTest" name="testApiResponse" time="0.365"/>
  <testcase classname="test.ComparatorTest" name="testApiResponse" time="0.336"/>
  <testcase classname="test.ComparatorTest" name="testApiResponse" time="0.382"/>
  <testcase classname="test.ComparatorTest" name="testApiResponse" time="0.366"/>
  <testcase classname="test.ComparatorTest" name="testApiResponse" time="0.344"/>
  <testcase classname="test.ComparatorTest" name="testApiResponse" time="0.327"/>
  <testcase classname="test.ComparatorTest" name="testApiResponse" time="0.36"/>
  <testcase classname="test.ComparatorTest" name="testApiResponse" time="0.339"/>
  <testcase classname="test.ComparatorTest" name="testApiResponse" time="0.35"/>
  <testcase classname="test.ComparatorTest" name="testApiResponse" time="0.34"/>
  <testcase classname="test.ComparatorTest" name="testApiResponse" time="0.348"/>
  <testcase classname="test.ComparatorTest" name="testApiResponse" time="0.376"/>
  <testcase classname="test.ComparatorTest" name="testApiResponse" time="0.34"/>
  <testcase classname="test.ComparatorTest" name="testApiResponse" time="0.349"/>
  <testcase classname="test.ComparatorTest" name="testApiResponse" time="0.374"/>
  <testcase classname="test.ComparatorTest" name="testApiResponse" time="0.348"/>
  <testcase classname="test.ComparatorTest" name="testApiResponse" time="0.377"/>
  <testcase classname="test.ComparatorTest" name="testApiResponse" time="0.352"/>
  <testcase classname="test.ComparatorTest" name="testApiResponse" time="0.356"/>
  <testcase classname="test.ComparatorTest" name="testApiResponse" time="0.33"/>
  <testcase classname="test.ComparatorTest" name="testApiResponse" time="0.356"/>
  <testcase classname="test.ComparatorTest" name="testApiResponse" time="0.363"/>
  <testcase classname="test.ComparatorTest" name="testApiResponse" time="0.355"/>
  <testcase classname="test.ComparatorTest" name="testApiResponse" time="0.369"/>
  <testcase classname="test.ComparatorTest" name="testApiResponse" time="0.454"/>
  <testcase classname="test.ComparatorTest" name="testApiResponse" time="0.363"/>
  <testcase classname="test.ComparatorTest" name="testApiResponse" time="0.343"/>
  <testcase classname="test.ComparatorTest" name="testApiResponse" time="0.355"/>
  <testcase classname="test.ComparatorTest" name="testApiResponse" time="0.338"/>
  <testcase classname="test.ComparatorTest" name="testApiResponse" time="0.363"/>
  <testcase classname="test.ComparatorTest" name="testApiResponse" time="0.365"/>
  <testcase classname="test.ComparatorTest" name="testApiResponse" time="0.36"/>
  <testcase classname="test.ComparatorTest" name="testApiResponse" time="0.35"/>
  <testcase classname="test.ComparatorTest" name="testApiResponse" time="0.368"/>
  <testcase classname="test.ComparatorTest" name="testApiResponse" time="0.33"/>
  <testcase classname="test.ComparatorTest" name="testApiResponse" time="0.355"/>
  <testcase classname="test.ComparatorTest" name="testApiResponse" time="0.324"/>
  <testcase classname="test.ComparatorTest" name="testApiResponse" time="0.332"/>
  <testcase classname="test.ComparatorTest" name="testApiResponse" time="0.328"/>
  <testcase classname="test.ComparatorTest" name="testApiResponse" time="0.387"/>
  <testcase classname="test.ComparatorTest" name="testApiResponse" time="0.344"/>
  <testcase classname="test.ComparatorTest" name="testApiResponse" time="0.342"/>
  <testcase classname="test.ComparatorTest" name="testApiResponse" time="0.374"/>
  <testcase classname="test.ComparatorTest" name="testApiResponse" time="0.328"/>
  <testcase classname="test.ComparatorTest" name="testApiResponse" time="0.339"/>
  <testcase classname="test.ComparatorTest" name="testApiResponse" time="0.316"/>
  <testcase classname="test.ComparatorTest" name="testApiResponse" time="0.325"/>
  <testcase classname="test.ComparatorTest" name="testApiResponse" time="0.319"/>
  <testcase classname="test.ComparatorTest" name="testApiResponse" time="0.334"/>
  <testcase classname="test.ComparatorTest" name="testApiResponse" time="0.361"/>
  <testcase classname="test.ComparatorTest" name="testApiResponse" time="0.421"/>
  <testcase classname="test.ComparatorTest" name="testApiResponse" time="0.399"/>
  <testcase classname="test.ComparatorTest" name="testApiResponse" time="0.35"/>
  <testcase classname="test.ComparatorTest" name="testApiResponse" time="0.333"/>
  <testcase classname="test.ComparatorTest" name="testApiResponse" time="0.339"/>
  <testcase classname="test.ComparatorTest" name="testApiResponse" time="0.367"/>
  <testcase classname="test.ComparatorTest" name="testApiResponse" time="0.336"/>
  <testcase classname="test.ComparatorTest" name="testApiResponse" time="0.322"/>
  <testcase classname="test.ComparatorTest" name="testApiResponse" time="0.39"/>
  <testcase classname="test.ComparatorTest" name="testApiResponse" time="0.376"/>
  <testcase classname="test.ComparatorTest" name="testApiResponse" time="0.299"/>
  <testcase classname="test.ComparatorTest" name="testApiResponse" time="0.333"/>
  <testcase classname="test.ComparatorTest" name="testApiResponse" time="0.323"/>
  <testcase classname="test.ComparatorTest" name="testApiResponse" time="0.38"/>
  <testcase classname="test.ComparatorTest" name="testApiResponse" time="0.367"/>
  <testcase classname="test.ComparatorTest" name="testApiResponse" time="0.366"/>
  <testcase classname="test.ComparatorTest" name="testApiResponse" time="0.341"/>
  <testcase classname="test.ComparatorTest" name="testApiResponse" time="0.347"/>
  <testcase classname="test.ComparatorTest" name="testApiResponse" time="0.37"/>
  <testcase classname="test.ComparatorTest" name="testApiResponse" time="0.325"/>
  <testcase classname="test.ComparatorTest" name="testApiResponse" time="0.319"/>
  <testcase classname="test.ComparatorTest" name="testApiResponse" time="0.358"/>
  <testcase classname="test.ComparatorTest" name="testApiResponse" time="0.322"/>
  <testcase classname="test.ComparatorTest" name="testApiResponse" time="0.306"/>
  <testcase classname="test.ComparatorTest" name="testApiResponse" time="0.331"/>
  <testcase classname="test.ComparatorTest" name="testApiResponse" time="0.34"/>
  <testcase classname="test.ComparatorTest" name="testApiResponse" time="0.34"/>
  <testcase classname="test.ComparatorTest" name="testApiResponse" time="0.349"/>
  <testcase classname="test.ComparatorTest" name="testApiResponse" time="0.333"/>
  <testcase classname="test.ComparatorTest" name="testApiResponse" time="0.338"/>
  <testcase classname="test.ComparatorTest" name="testApiResponse" time="0.329"/>
  <testcase classname="test.ComparatorTest" name="testApiResponse" time="0.364"/>
  <testcase classname="test.ComparatorTest" name="testApiResponse" time="0.366"/>
  <testcase classname="test.ComparatorTest" name="testApiResponse" time="0.333"/>
  <testcase classname="test.ComparatorTest" name="testApiResponse" time="0.375"/>
  <testcase classname="test.ComparatorTest" name="testApiResponse" time="0.335"/>
  <testcase classname="test.ComparatorTest" name="testApiResponse" time="0.348"/>
  <testcase classname="test.ComparatorTest" name="testApiResponse" time="0.345"/>
  <testcase classname="test.ComparatorTest" name="testApiResponse" time="0.319"/>
  <testcase classname="test.ComparatorTest" name="testApiResponse" time="0.346"/>
  <testcase classname="test.ComparatorTest" name="testApiResponse" time="0.319"/>
  <testcase classname="test.ComparatorTest" name="testApiResponse" time="0.337"/>
  <testcase classname="test.ComparatorTest" name="testApiResponse" time="0.326"/>
  <testcase classname="test.ComparatorTest" name="testApiResponse" time="0.383"/>
  <testcase classname="test.ComparatorTest" name="testApiResponse" time="0.345"/>
  <testcase classname="test.ComparatorTest" name="testApiResponse" time="0.338"/>
  <testcase classname="test.ComparatorTest" name="testApiResponse" time="0.337"/>
  <testcase classname="test.ComparatorTest" name="testApiResponse" time="0.348"/>
  <testcase classname="test.ComparatorTest" name="testApiResponse" time="0.317"/>
  <testcase classname="test.ComparatorTest" name="testApiResponse" time="0.331"/>
  <testcase classname="test.ComparatorTest" name="testApiResponse" time="0.354"/>
  <testcase classname="test.ComparatorTest" name="testApiResponse" time="0.327"/>
  <testcase classname="test.ComparatorTest" name="testApiResponse" time="0.336"/>
  <testcase classname="test.ComparatorTest" name="testApiResponse" time="0.357"/>
  <testcase classname="test.ComparatorTest" name="testApiResponse" time="0.337"/>
  <testcase classname="test.ComparatorTest" name="testApiResponse" time="0.34"/>
  <testcase classname="test.ComparatorTest" name="testApiResponse" time="0.318"/>
  <testcase classname="test.ComparatorTest" name="testApiResponse" time="0.345"/>
  <testcase classname="test.ComparatorTest" name="testApiResponse" time="0.354"/>
  <testcase classname="test.ComparatorTest" name="testApiResponse" time="0.33"/>
  <testcase classname="test.ComparatorTest" name="testApiResponse" time="0.315"/>
  <testcase classname="test.ComparatorTest" name="testApiResponse" time="0.363"/>
  <testcase classname="test.ComparatorTest" name="testApiResponse" time="0.337"/>
  <testcase classname="test.ComparatorTest" name="testApiResponse" time="0.341"/>
  <testcase classname="test.ComparatorTest" name="testApiResponse" time="0.344"/>
  <testcase classname="test.ComparatorTest" name="testApiResponse" time="0.356"/>
  <testcase classname="test.ComparatorTest" name="testApiResponse" time="0.347"/>
  <testcase classname="test.ComparatorTest" name="testApiResponse" time="0.343"/>
  <testcase classname="test.ComparatorTest" name="testApiResponse" time="0.381"/>
  <testcase classname="test.ComparatorTest" name="testApiResponse" time="0.335"/>
  <testcase classname="test.ComparatorTest" name="testApiResponse" time="0.34"/>
  <testcase classname="test.ComparatorTest" name="testApiResponse" time="0.335"/>
  <testcase classname="test.ComparatorTest" name="testApiResponse" time="0.357"/>
  <testcase classname="test.ComparatorTest" name="testApiResponse" time="0.335"/>
  <testcase classname="test.ComparatorTest" name="testApiResponse" time="0.355"/>
  <testcase classname="test.ComparatorTest" name="testApiResponse" time="0.326"/>
  <testcase classname="test.ComparatorTest" name="testApiResponse" time="0.327"/>
  <testcase classname="test.ComparatorTest" name="testApiResponse" time="0.006"/>
  <testcase classname="test.ComparatorTest" name="testApiResponse" time="0.342"/>
  <testcase classname="test.ComparatorTest" name="testApiResponse" time="0.323"/>
  <testcase classname="test.ComparatorTest" name="testApiResponse" time="0.344"/>
  <testcase classname="test.ComparatorTest" name="testApiResponse" time="0.355"/>
  <testcase classname="test.ComparatorTest" name="testApiResponse" time="0.336"/>
  <testcase classname="test.ComparatorTest" name="testApiResponse" time="0.339"/>
  <testcase classname="test.ComparatorTest" name="testApiResponse" time="0.346"/>
  <testcase classname="test.ComparatorTest" name="testApiResponse" time="0.382"/>
  <testcase classname="test.ComparatorTest" name="testApiResponse" time="0.341"/>
  <testcase classname="test.ComparatorTest" name="testApiResponse" time="0.333"/>
  <testcase classname="test.ComparatorTest" name="testApiResponse" time="0.347"/>
  <testcase classname="test.ComparatorTest" name="testApiResponse" time="0.359"/>
  <testcase classname="test.ComparatorTest" name="testApiResponse" time="0.353"/>
  <testcase classname="test.ComparatorTest" name="testApiResponse" time="0.357"/>
  <testcase classname="test.ComparatorTest" name="testApiResponse" time="0.365"/>
  <testcase classname="test.ComparatorTest" name="testApiResponse" time="0.346"/>
  <testcase classname="test.ComparatorTest" name="testApiResponse" time="0.336"/>
  <testcase classname="test.ComparatorTest" name="testApiResponse" time="0.344"/>
  <testcase classname="test.ComparatorTest" name="testApiResponse" time="0.334"/>
  <testcase classname="test.ComparatorTest" name="testApiResponse" time="0.334"/>
  <testcase classname="test.ComparatorTest" name="testApiResponse" time="0.344"/>
  <testcase classname="test.ComparatorTest" name="testApiResponse" time="0.364"/>
  <testcase classname="test.ComparatorTest" name="testApiResponse" time="0.351"/>
  <testcase classname="test.ComparatorTest" name="testApiResponse" time="0.324"/>
  <testcase classname="test.ComparatorTest" name="testApiResponse" time="0.318"/>
  <testcase classname="test.ComparatorTest" name="testApiResponse" time="0.342"/>
  <testcase classname="test.ComparatorTest" name="testApiResponse" time="0.35"/>
  <testcase classname="test.ComparatorTest" name="testApiResponse" time="0.35"/>
  <testcase classname="test.ComparatorTest" name="testApiResponse" time="0.329"/>
  <testcase classname="test.ComparatorTest" name="testApiResponse" time="0.004"/>
  <testcase classname="test.ComparatorTest" name="testApiResponse" time="0.336"/>
  <testcase classname="test.ComparatorTest" name="testApiResponse" time="0.326"/>
  <testcase classname="test.ComparatorTest" name="testApiResponse" time="0.333"/>
  <testcase classname="test.ComparatorTest" name="testApiResponse" time="0.343"/>
  <testcase classname="test.ComparatorTest" name="testApiResponse" time="0.331"/>
  <testcase classname="test.ComparatorTest" name="testApiResponse" time="0.332"/>
  <testcase classname="test.ComparatorTest" name="testApiResponse" time="0.323"/>
  <testcase classname="test.ComparatorTest" name="testApiResponse" time="0.343"/>
  <testcase classname="test.ComparatorTest" name="testApiResponse" time="0.338"/>
  <testcase classname="test.ComparatorTest" name="testApiResponse" time="0.339"/>
  <testcase classname="test.ComparatorTest" name="testApiResponse" time="0.333"/>
  <testcase classname="test.ComparatorTest" name="testApiResponse" time="0.355"/>
  <testcase classname="test.ComparatorTest" name="testApiResponse" time="0.333"/>
  <testcase classname="test.ComparatorTest" name="testApiResponse" time="0.322"/>
  <testcase classname="test.ComparatorTest" name="testApiResponse" time="0.323"/>
  <testcase classname="test.ComparatorTest" name="testApiResponse" time="0.329"/>
  <testcase classname="test.ComparatorTest" name="testApiResponse" time="0.338"/>
  <testcase classname="test.ComparatorTest" name="testApiResponse" time="0.355"/>
  <testcase classname="test.ComparatorTest" name="testApiResponse" time="0.337"/>
  <testcase classname="test.ComparatorTest" name="testApiResponse" time="0.331"/>
  <testcase classname="test.ComparatorTest" name="testApiResponse" time="0.331"/>
  <testcase classname="test.ComparatorTest" name="testApiResponse" time="0.341"/>
  <testcase classname="test.ComparatorTest" name="testApiResponse" time="0.321"/>
  <testcase classname="test.ComparatorTest" name="testApiResponse" time="0.335"/>
  <testcase classname="test.ComparatorTest" name="testApiResponse" time="0.346"/>
  <testcase classname="test.ComparatorTest" name="testApiResponse" time="0.355"/>
  <testcase classname="test.ComparatorTest" name="testApiResponse" time="0.337"/>
  <testcase classname="test.ComparatorTest" name="testApiResponse" time="0.337"/>
  <testcase classname="test.ComparatorTest" name="testApiResponse" time="0.304"/>
  <testcase classname="test.ComparatorTest" name="testApiResponse" time="0.332"/>
  <testcase classname="test.ComparatorTest" name="testApiResponse" time="0.311"/>
  <testcase classname="test.ComparatorTest" name="testApiResponse" time="0.343"/>
  <testcase classname="test.ComparatorTest" name="testApiResponse" time="0.342"/>
  <testcase classname="test.ComparatorTest" name="testApiResponse" time="0.343"/>
  <testcase classname="test.ComparatorTest" name="testApiResponse" time="0.362"/>
  <testcase classname="test.ComparatorTest" name="testApiResponse" time="0.338"/>
  <testcase classname="test.ComparatorTest" name="testApiResponse" time="0.347"/>
  <testcase classname="test.ComparatorTest" name="testApiResponse" time="0.352"/>
  <testcase classname="test.ComparatorTest" name="testApiResponse" time="0.327"/>
  <testcase classname="test.ComparatorTest" name="testApiResponse" time="0.348"/>
  <testcase classname="test.ComparatorTest" name="testApiResponse" time="0.323"/>
  <testcase classname="test.ComparatorTest" name="testApiResponse" time="0.326"/>
  <testcase classname="test.ComparatorTest" name="testApiResponse" time="0.338"/>
  <testcase classname="test.ComparatorTest" name="testApiResponse" time="0.324"/>
  <testcase classname="test.ComparatorTest" name="testApiResponse" time="0.353"/>
  <testcase classname="test.ComparatorTest" name="testApiResponse" time="0.337"/>
  <testcase classname="test.ComparatorTest" name="testApiResponse" time="0.337"/>
  <testcase classname="test.ComparatorTest" name="testApiResponse" time="0.323"/>
  <testcase classname="test.ComparatorTest" name="testApiResponse" time="0.319"/>
  <testcase classname="test.ComparatorTest" name="testApiResponse" time="0.152"/>
  <testcase classname="test.ComparatorTest" name="testApiResponse" time="0.322"/>
  <testcase classname="test.ComparatorTest" name="testApiResponse" time="0.333"/>
  <testcase classname="test.ComparatorTest" name="testApiResponse" time="0.339"/>
  <testcase classname="test.ComparatorTest" name="testApiResponse" time="0.177"/>
  <testcase classname="test.ComparatorTest" name="testApiResponse" time="0.319"/>
  <testcase classname="test.ComparatorTest" name="testApiResponse" time="0.349"/>
  <testcase classname="test.ComparatorTest" name="testApiResponse" time="0.317"/>
  <testcase classname="test.ComparatorTest" name="testApiResponse" time="0.411"/>
  <testcase classname="test.ComparatorTest" name="testApiResponse" time="0.362"/>
  <testcase classname="test.ComparatorTest" name="testApiResponse" time="0.309"/>
  <testcase classname="test.ComparatorTest" name="testApiResponse" time="0.315"/>
  <testcase classname="test.ComparatorTest" name="testApiResponse" time="0.356"/>
  <testcase classname="test.ComparatorTest" name="testApiResponse" time="0.331"/>
  <testcase classname="test.ComparatorTest" name="testApiResponse" time="0.359"/>
  <testcase classname="test.ComparatorTest" name="testApiResponse" time="0.338"/>
  <testcase classname="test.ComparatorTest" name="testApiResponse" time="0.31"/>
  <testcase classname="test.ComparatorTest" name="testApiResponse" time="0.328"/>
  <testcase classname="test.ComparatorTest" name="testApiResponse" time="0.329"/>
  <testcase classname="test.ComparatorTest" name="testApiResponse" time="0.323"/>
  <testcase classname="test.ComparatorTest" name="testApiResponse" time="0.331"/>
  <testcase classname="test.ComparatorTest" name="testApiResponse" time="0.341"/>
  <testcase classname="test.ComparatorTest" name="testApiResponse" time="0.383"/>
  <testcase classname="test.ComparatorTest" name="testApiResponse" time="0.343"/>
  <testcase classname="test.ComparatorTest" name="testApiResponse" time="0.334"/>
  <testcase classname="test.ComparatorTest" name="testApiResponse" time="0.338"/>
  <testcase classname="test.ComparatorTest" name="testApiResponse" time="0.325"/>
  <testcase classname="test.ComparatorTest" name="testApiResponse" time="0.34"/>
  <testcase classname="test.ComparatorTest" name="testApiResponse" time="0.31"/>
  <testcase classname="test.ComparatorTest" name="testApiResponse" time="0.339"/>
  <testcase classname="test.ComparatorTest" name="testApiResponse" time="0.358"/>
  <testcase classname="test.ComparatorTest" name="testApiResponse" time="0.331"/>
  <testcase classname="test.ComparatorTest" name="testApiResponse" time="0.313"/>
  <testcase classname="test.ComparatorTest" name="testApiResponse" time="0.304"/>
  <testcase classname="test.ComparatorTest" name="testApiResponse" time="0.332"/>
  <testcase classname="test.ComparatorTest" name="testApiResponse" time="0.328"/>
  <testcase classname="test.ComparatorTest" name="testApiResponse" time="0.351"/>
  <testcase classname="test.ComparatorTest" name="testApiResponse" time="0.325"/>
  <testcase classname="test.ComparatorTest" name="testApiResponse" time="0.337"/>
  <testcase classname="test.ComparatorTest" name="testApiResponse" time="0.318"/>
  <testcase classname="test.ComparatorTest" name="testApiResponse" time="0.32"/>
  <testcase classname="test.ComparatorTest" name="testApiResponse" time="0.319"/>
  <testcase classname="test.ComparatorTest" name="testApiResponse" time="0.325"/>
  <testcase classname="test.ComparatorTest" name="testApiResponse" time="0.319"/>
  <testcase classname="test.ComparatorTest" name="testApiResponse" time="0.34"/>
  <testcase classname="test.ComparatorTest" name="testApiResponse" time="0.329"/>
  <testcase classname="test.ComparatorTest" name="testApiResponse" time="0.33"/>
  <testcase classname="test.ComparatorTest" name="testApiResponse" time="0.37"/>
  <testcase classname="test.ComparatorTest" name="testApiResponse" time="0.308"/>
  <testcase classname="test.ComparatorTest" name="testApiResponse" time="0.333"/>
  <testcase classname="test.ComparatorTest" name="testApiResponse" time="0.304"/>
  <testcase classname="test.ComparatorTest" name="testApiResponse" time="0.324"/>
  <testcase classname="test.ComparatorTest" name="testApiResponse" time="0.315"/>
  <testcase classname="test.ComparatorTest" name="testApiResponse" time="0.352"/>
  <testcase classname="test.ComparatorTest" name="testApiResponse" time="0.368"/>
  <testcase classname="test.ComparatorTest" name="testApiResponse" time="0.316"/>
  <testcase classname="test.ComparatorTest" name="testApiResponse" time="0.375"/>
  <testcase classname="test.ComparatorTest" name="testApiResponse" time="0.347"/>
  <testcase classname="test.ComparatorTest" name="testApiResponse" time="0.341"/>
  <testcase classname="test.ComparatorTest" name="testApiResponse" time="0.322"/>
  <testcase classname="test.ComparatorTest" name="testApiResponse" time="0.327"/>
  <testcase classname="test.ComparatorTest" name="testApiResponse" time="0.338"/>
  <testcase classname="test.ComparatorTest" name="testApiResponse" time="0.347"/>
  <testcase classname="test.ComparatorTest" name="testApiResponse" time="0.344"/>
  <testcase classname="test.ComparatorTest" name="testApiResponse" time="0.341"/>
  <testcase classname="test.ComparatorTest" name="testApiResponse" time="0.332"/>
  <testcase classname="test.ComparatorTest" name="testApiResponse" time="0.343"/>
  <testcase classname="test.ComparatorTest" name="testApiResponse" time="0.358"/>
  <testcase classname="test.ComparatorTest" name="testApiResponse" time="0.335"/>
  <testcase classname="test.ComparatorTest" name="testApiResponse" time="0.333"/>
  <testcase classname="test.ComparatorTest" name="testApiResponse" time="0.351"/>
  <testcase classname="test.ComparatorTest" name="testApiResponse" time="0.345"/>
  <testcase classname="test.ComparatorTest" name="testApiResponse" time="0.327"/>
  <testcase classname="test.ComparatorTest" name="testApiResponse" time="0.33"/>
  <testcase classname="test.ComparatorTest" name="testApiResponse" time="0.313"/>
  <testcase classname="test.ComparatorTest" name="testApiResponse" time="0.309"/>
  <testcase classname="test.ComparatorTest" name="testApiResponse" time="0.329"/>
  <testcase classname="test.ComparatorTest" name="testApiResponse" time="0.334"/>
  <testcase classname="test.ComparatorTest" name="testApiResponse" time="0.336"/>
  <testcase classname="test.ComparatorTest" name="testApiResponse" time="0.316"/>
  <testcase classname="test.ComparatorTest" name="testApiResponse" time="0.347"/>
  <testcase classname="test.ComparatorTest" name="testApiResponse" time="0.316"/>
  <testcase classname="test.ComparatorTest" name="testApiResponse" time="0.342"/>
  <testcase classname="test.ComparatorTest" name="testApiResponse" time="0.323"/>
  <testcase classname="test.ComparatorTest" name="testApiResponse" time="0.353"/>
  <testcase classname="test.ComparatorTest" name="testApiResponse" time="0.311"/>
  <testcase classname="test.ComparatorTest" name="testApiResponse" time="0.333"/>
  <testcase classname="test.ComparatorTest" name="testApiResponse" time="0.317"/>
  <testcase classname="test.ComparatorTest" name="testApiResponse" time="0.315"/>
  <testcase classname="test.ComparatorTest" name="testApiResponse" time="0.345"/>
  <testcase classname="test.ComparatorTest" name="testApiResponse" time="0.334"/>
  <testcase classname="test.ComparatorTest" name="testApiResponse" time="0.366"/>
  <testcase classname="test.ComparatorTest" name="testApiResponse" time="0.349"/>
  <testcase classname="test.ComparatorTest" name="testApiResponse" time="0.349"/>
  <testcase classname="test.ComparatorTest" name="testApiResponse" time="0.322"/>
  <testcase classname="test.ComparatorTest" name="testApiResponse" time="0.335"/>
  <testcase classname="test.ComparatorTest" name="testApiResponse" time="0.34"/>
  <testcase classname="test.ComparatorTest" name="testApiResponse" time="0.316"/>
  <testcase classname="test.ComparatorTest" name="testApiResponse" time="0.344"/>
  <testcase classname="test.ComparatorTest" name="testApiResponse" time="0.339"/>
  <testcase classname="test.ComparatorTest" name="testApiResponse" time="0.323"/>
  <testcase classname="test.ComparatorTest" name="testApiResponse" time="0.319"/>
  <testcase classname="test.ComparatorTest" name="testApiResponse" time="0.341"/>
  <testcase classname="test.ComparatorTest" name="testApiResponse" time="0.327"/>
  <testcase classname="test.ComparatorTest" name="testApiResponse" time="0.35"/>
  <testcase classname="test.ComparatorTest" name="testApiResponse" time="0.353"/>
  <testcase classname="test.ComparatorTest" name="testApiResponse" time="0.332"/>
  <testcase classname="test.ComparatorTest" name="testApiResponse" time="0.341"/>
  <testcase classname="test.ComparatorTest" name="testApiResponse" time="0.321"/>
  <testcase classname="test.ComparatorTest" name="testApiResponse" time="0.334"/>
  <testcase classname="test.ComparatorTest" name="testApiResponse" time="0.336"/>
  <testcase classname="test.ComparatorTest" name="testApiResponse" time="0.327"/>
  <testcase classname="test.ComparatorTest" name="testApiResponse" time="0.315"/>
  <testcase classname="test.ComparatorTest" name="testApiResponse" time="0.324"/>
  <testcase classname="test.ComparatorTest" name="testApiResponse" time="0.391"/>
  <testcase classname="test.ComparatorTest" name="testApiResponse" time="0.341"/>
  <testcase classname="test.ComparatorTest" name="testApiResponse" time="0.315"/>
  <testcase classname="test.ComparatorTest" name="testApiResponse" time="0.337"/>
  <testcase classname="test.ComparatorTest" name="testApiResponse" time="0.32"/>
  <testcase classname="test.ComparatorTest" name="testApiResponse" time="0.339"/>
  <testcase classname="test.ComparatorTest" name="testApiResponse" time="0.338"/>
  <testcase classname="test.ComparatorTest" name="testApiResponse" time="0.333"/>
  <testcase classname="test.ComparatorTest" name="testApiResponse" time="0.322"/>
  <testcase classname="test.ComparatorTest" name="testApiResponse" time="0.34"/>
  <testcase classname="test.ComparatorTest" name="testApiResponse" time="0.317"/>
  <testcase classname="test.ComparatorTest" name="testApiResponse" time="0.32"/>
  <testcase classname="test.ComparatorTest" name="testApiResponse" time="0.356"/>
  <testcase classname="test.ComparatorTest" name="testApiResponse" time="0.327"/>
  <testcase classname="test.ComparatorTest" name="testApiResponse" time="0.315"/>
  <testcase classname="test.ComparatorTest" name="testApiResponse" time="0.32"/>
  <testcase classname="test.ComparatorTest" name="testApiResponse" time="0.31"/>
  <testcase classname="test.ComparatorTest" name="testApiResponse" time="0.315"/>
  <testcase classname="test.ComparatorTest" name="testApiResponse" time="0.338"/>
  <testcase classname="test.ComparatorTest" name="testApiResponse" time="0.344"/>
  <testcase classname="test.ComparatorTest" name="testApiResponse" time="0.329"/>
  <testcase classname="test.ComparatorTest" name="testApiResponse" time="0.335"/>
  <testcase classname="test.ComparatorTest" name="testApiResponse" time="0.313"/>
  <testcase classname="test.ComparatorTest" name="testApiResponse" time="0.306"/>
  <testcase classname="test.ComparatorTest" name="testApiResponse" time="0.337"/>
  <testcase classname="test.ComparatorTest" name="testApiResponse" time="0.33"/>
  <testcase classname="test.ComparatorTest" name="testApiResponse" time="0.333"/>
  <testcase classname="test.ComparatorTest" name="testApiResponse" time="0.315"/>
  <testcase classname="test.ComparatorTest" name="testApiResponse" time="0.327"/>
  <testcase classname="test.ComparatorTest" name="testApiResponse" time="0.329"/>
  <testcase classname="test.ComparatorTest" name="testApiResponse" time="0.338"/>
  <testcase classname="test.ComparatorTest" name="testApiResponse" time="0.329"/>
  <testcase classname="test.ComparatorTest" name="testApiResponse" time="0.322"/>
  <testcase classname="test.ComparatorTest" name="testApiResponse" time="0.346"/>
  <testcase classname="test.ComparatorTest" name="testApiResponse" time="0.319"/>
  <testcase classname="test.ComparatorTest" name="testApiResponse" time="0.318"/>
  <testcase classname="test.ComparatorTest" name="testApiResponse" time="0.327"/>
  <testcase classname="test.ComparatorTest" name="testApiResponse" time="0.324"/>
  <testcase classname="test.ComparatorTest" name="testApiResponse" time="0.314"/>
  <testcase classname="test.ComparatorTest" name="testApiResponse" time="0.343"/>
  <testcase classname="test.ComparatorTest" name="testApiResponse" time="0.327"/>
  <testcase classname="test.ComparatorTest" name="testApiResponse" time="0.337"/>
  <testcase classname="test.ComparatorTest" name="testApiResponse" time="0.334"/>
  <testcase classname="test.ComparatorTest" name="testApiResponse" time="0.343"/>
  <testcase classname="test.ComparatorTest" name="testApiResponse" time="0.339"/>
  <testcase classname="test.ComparatorTest" name="testApiResponse" time="0.306"/>
  <testcase classname="test.ComparatorTest" name="testApiResponse" time="0.322"/>
  <testcase classname="test.ComparatorTest" name="testApiResponse" time="0.349"/>
  <testcase classname="test.ComparatorTest" name="testApiResponse" time="0.322"/>
  <testcase classname="test.ComparatorTest" name="testApiResponse" time="0.344"/>
  <testcase classname="test.ComparatorTest" name="testApiResponse" time="0.321"/>
  <testcase classname="test.ComparatorTest" name="testApiResponse" time="0.346"/>
  <testcase classname="test.ComparatorTest" name="testApiResponse" time="0.322"/>
  <testcase classname="test.ComparatorTest" name="testApiResponse" time="0.328"/>
  <testcase classname="test.ComparatorTest" name="testApiResponse" time="0.316"/>
  <testcase classname="test.ComparatorTest" name="testApiResponse" time="0.346"/>
  <testcase classname="test.ComparatorTest" name="testApiResponse" time="0.316"/>
  <testcase classname="test.ComparatorTest" name="testApiResponse" time="0.336"/>
  <testcase classname="test.ComparatorTest" name="testApiResponse" time="0.326"/>
  <testcase classname="test.ComparatorTest" name="testApiResponse" time="0.335"/>
  <testcase classname="test.ComparatorTest" name="testApiResponse" time="0.317"/>
  <testcase classname="test.ComparatorTest" name="testApiResponse" time="0.325"/>
  <testcase classname="test.ComparatorTest" name="testApiResponse" time="0.319"/>
  <testcase classname="test.ComparatorTest" name="testApiResponse" time="0.339"/>
  <testcase classname="test.ComparatorTest" name="testApiResponse" time="0.318"/>
  <testcase classname="test.ComparatorTest" name="testApiResponse" time="0.354"/>
  <testcase classname="test.ComparatorTest" name="testApiResponse" time="0.346"/>
  <testcase classname="test.ComparatorTest" name="testApiResponse" time="0.341"/>
  <testcase classname="test.ComparatorTest" name="testApiResponse" time="0.318"/>
  <testcase classname="test.ComparatorTest" name="testApiResponse" time="0.327"/>
  <testcase classname="test.ComparatorTest" name="testApiResponse" time="0.318"/>
  <testcase classname="test.ComparatorTest" name="testApiResponse" time="0.334"/>
  <testcase classname="test.ComparatorTest" name="testApiResponse" time="0.345"/>
  <testcase classname="test.ComparatorTest" name="testApiResponse" time="0.339"/>
  <testcase classname="test.ComparatorTest" name="testApiResponse" time="0.348"/>
  <testcase classname="test.ComparatorTest" name="testApiResponse" time="0.336"/>
  <testcase classname="test.ComparatorTest" name="testApiResponse" time="0.309"/>
  <testcase classname="test.ComparatorTest" name="testApiResponse" time="0.338"/>
  <testcase classname="test.ComparatorTest" name="testApiResponse" time="0.337"/>
  <testcase classname="test.ComparatorTest" name="testApiResponse" time="0.35"/>
  <testcase classname="test.ComparatorTest" name="testApiResponse" time="0.345"/>
  <testcase classname="test.ComparatorTest" name="testApiResponse" time="0.478"/>
  <testcase classname="test.ComparatorTest" name="testApiResponse" time="0.524"/>
  <testcase classname="test.ComparatorTest" name="testApiResponse" time="0.623"/>
  <testcase classname="test.ComparatorTest" name="testApiResponse" time="0.659"/>
  <testcase classname="test.ComparatorTest" name="testApiResponse" time="0.681"/>
  <testcase classname="test.ComparatorTest" name="testApiResponse" time="0.669"/>
  <testcase classname="test.ComparatorTest" name="testApiResponse" time="0.005"/>
  <testcase classname="test.ComparatorTest" name="testApiResponse" time="0.796"/>
  <testcase classname="test.ComparatorTest" name="testApiResponse" time="0.758"/>
  <testcase classname="test.ComparatorTest" name="testApiResponse" time="0.917"/>
  <testcase classname="test.ComparatorTest" name="testApiResponse" time="0.749"/>
  <testcase classname="test.ComparatorTest" name="testApiResponse" time="0.836"/>
  <testcase classname="test.ComparatorTest" name="testApiResponse" time="0.841"/>
  <testcase classname="test.ComparatorTest" name="testApiResponse" time="0.841"/>
  <testcase classname="test.ComparatorTest" name="testApiResponse" time="0.885"/>
  <testcase classname="test.ComparatorTest" name="testApiResponse" time="0.88"/>
  <testcase classname="test.ComparatorTest" name="testApiResponse" time="0.907"/>
  <testcase classname="test.ComparatorTest" name="testApiResponse" time="0.907"/>
  <testcase classname="test.ComparatorTest" name="testApiResponse" time="0.812"/>
  <testcase classname="test.ComparatorTest" name="testApiResponse" time="0.822"/>
  <testcase classname="test.ComparatorTest" name="testApiResponse" time="0.712"/>
  <testcase classname="test.ComparatorTest" name="testApiResponse" time="0.549"/>
  <testcase classname="test.ComparatorTest" name="testApiResponse" time="0.564"/>
  <testcase classname="test.ComparatorTest" name="testApiResponse" time="0.458"/>
  <testcase classname="test.ComparatorTest" name="testApiResponse" time="0.458"/>
  <testcase classname="test.ComparatorTest" name="testApiResponse" time="0.324"/>
  <testcase classname="test.ComparatorTest" name="testApiResponse" time="0.326"/>
  <testcase classname="test.ComparatorTest" name="testApiResponse" time="0.315"/>
  <testcase classname="test.ComparatorTest" name="testApiResponse" time="0.334"/>
  <testcase classname="test.ComparatorTest" name="testApiResponse" time="0.34"/>
  <testcase classname="test.ComparatorTest" name="testApiResponse" time="0.329"/>
  <testcase classname="test.ComparatorTest" name="testApiResponse" time="0.324"/>
  <testcase classname="test.ComparatorTest" name="testApiResponse" time="0.316"/>
  <testcase classname="test.ComparatorTest" name="testApiResponse" time="0.337"/>
  <testcase classname="test.ComparatorTest" name="testApiResponse" time="0.299"/>
  <testcase classname="test.ComparatorTest" name="testApiResponse" time="0.313"/>
  <testcase classname="test.ComparatorTest" name="testApiResponse" time="0.326"/>
  <testcase classname="test.ComparatorTest" name="testApiResponse" time="0.316"/>
  <testcase classname="test.ComparatorTest" name="testApiResponse" time="0.313"/>
  <testcase classname="test.ComparatorTest" name="testApiResponse" time="0.348"/>
  <testcase classname="test.ComparatorTest" name="testApiResponse" time="0.367"/>
  <testcase classname="test.ComparatorTest" name="testApiResponse" time="0.343"/>
  <testcase classname="test.ComparatorTest" name="testApiResponse" time="0.368"/>
  <testcase classname="test.ComparatorTest" name="testApiResponse" time="0.35"/>
  <testcase classname="test.ComparatorTest" name="testApiResponse" time="0.357"/>
  <testcase classname="test.ComparatorTest" name="testApiResponse" time="0.339"/>
  <testcase classname="test.ComparatorTest" name="testApiResponse" time="0.334"/>
  <testcase classname="test.ComparatorTest" name="testApiResponse" time="0.332"/>
  <testcase classname="test.ComparatorTest" name="testApiResponse" time="0.311"/>
  <testcase classname="test.ComparatorTest" name="testApiResponse" time="0.359"/>
  <testcase classname="test.ComparatorTest" name="testApiResponse" time="0.307"/>
  <testcase classname="test.ComparatorTest" name="testApiResponse" time="0.312"/>
  <testcase classname="test.ComparatorTest" name="testApiResponse" time="0.34"/>
  <testcase classname="test.ComparatorTest" name="testApiResponse" time="0.334"/>
  <testcase classname="test.ComparatorTest" name="testApiResponse" time="0.309"/>
  <testcase classname="test.ComparatorTest" name="testApiResponse" time="0.338"/>
  <testcase classname="test.ComparatorTest" name="testApiResponse" time="0.338"/>
  <testcase classname="test.ComparatorTest" name="testApiResponse" time="0.307"/>
  <testcase classname="test.ComparatorTest" name="testApiResponse" time="0.312"/>
  <testcase classname="test.ComparatorTest" name="testApiResponse" time="0.332"/>
  <testcase classname="test.ComparatorTest" name="testApiResponse" time="0.341"/>
  <testcase classname="test.ComparatorTest" name="testApiResponse" time="0.401"/>
  <testcase classname="test.ComparatorTest" name="testApiResponse" time="0.355"/>
  <testcase classname="test.ComparatorTest" name="testApiResponse" time="0.301"/>
  <testcase classname="test.ComparatorTest" name="testApiResponse" time="0.393"/>
  <testcase classname="test.ComparatorTest" name="testApiResponse" time="0.307"/>
  <testcase classname="test.ComparatorTest" name="testApiResponse" time="0.322"/>
  <testcase classname="test.ComparatorTest" name="testApiResponse" time="0.346"/>
  <testcase classname="test.ComparatorTest" name="testApiResponse" time="0.351"/>
  <testcase classname="test.ComparatorTest" name="testApiResponse" time="0.329"/>
  <testcase classname="test.ComparatorTest" name="testApiResponse" time="0.334"/>
  <testcase classname="test.ComparatorTest" name="testApiResponse" time="0.334"/>
  <testcase classname="test.ComparatorTest" name="testApiResponse" time="0.297"/>
  <testcase classname="test.ComparatorTest" name="testApiResponse" time="0.338"/>
  <testcase classname="test.ComparatorTest" name="testApiResponse" time="0.335"/>
  <testcase classname="test.ComparatorTest" name="testApiResponse" time="0.333"/>
  <testcase classname="test.ComparatorTest" name="testApiResponse" time="0.302"/>
  <testcase classname="test.ComparatorTest" name="testApiResponse" time="0.336"/>
  <testcase classname="test.ComparatorTest" name="testApiResponse" time="0.33"/>
  <testcase classname="test.ComparatorTest" name="testApiResponse" time="0.336"/>
  <testcase classname="test.ComparatorTest" name="testApiResponse" time="0.328"/>
  <testcase classname="test.ComparatorTest" name="testApiResponse" time="0.329"/>
  <testcase classname="test.ComparatorTest" name="testApiResponse" time="0.338"/>
  <testcase classname="test.ComparatorTest" name="testApiResponse" time="0.325"/>
  <testcase classname="test.ComparatorTest" name="testApiResponse" time="0.333"/>
  <testcase classname="test.ComparatorTest" name="testApiResponse" time="0.344"/>
  <testcase classname="test.ComparatorTest" name="testApiResponse" time="0.322"/>
  <testcase classname="test.ComparatorTest" name="testApiResponse" time="0.38"/>
  <testcase classname="test.ComparatorTest" name="testApiResponse" time="0.352"/>
  <testcase classname="test.ComparatorTest" name="testApiResponse" time="0.347"/>
  <testcase classname="test.ComparatorTest" name="testApiResponse" time="0.326"/>
  <testcase classname="test.ComparatorTest" name="testApiResponse" time="0.317"/>
  <testcase classname="test.ComparatorTest" name="testApiResponse" time="0.324"/>
  <testcase classname="test.ComparatorTest" name="testApiResponse" time="0.306"/>
  <testcase classname="test.ComparatorTest" name="testApiResponse" time="0.352"/>
  <testcase classname="test.ComparatorTest" name="testApiResponse" time="0.341"/>
  <testcase classname="test.ComparatorTest" name="testApiResponse" time="0.336"/>
  <testcase classname="test.ComparatorTest" name="testApiResponse" time="0.32"/>
  <testcase classname="test.ComparatorTest" name="testApiResponse" time="0.35"/>
  <testcase classname="test.ComparatorTest" name="testApiResponse" time="0.344"/>
  <testcase classname="test.ComparatorTest" name="testApiResponse" time="0.316"/>
  <testcase classname="test.ComparatorTest" name="testApiResponse" time="0.341"/>
  <testcase classname="test.ComparatorTest" name="testApiResponse" time="0.332"/>
  <testcase classname="test.ComparatorTest" name="testApiResponse" time="0.336"/>
  <testcase classname="test.ComparatorTest" name="testApiResponse" time="0.329"/>
  <testcase classname="test.ComparatorTest" name="testApiResponse" time="0.33"/>
  <testcase classname="test.ComparatorTest" name="testApiResponse" time="0.354"/>
  <testcase classname="test.ComparatorTest" name="testApiResponse" time="0.328"/>
  <testcase classname="test.ComparatorTest" name="testApiResponse" time="0.438"/>
  <testcase classname="test.ComparatorTest" name="testApiResponse" time="0.339"/>
  <testcase classname="test.ComparatorTest" name="testApiResponse" time="0.325"/>
  <testcase classname="test.ComparatorTest" name="testApiResponse" time="0.34"/>
  <testcase classname="test.ComparatorTest" name="testApiResponse" time="0.353"/>
  <testcase classname="test.ComparatorTest" name="testApiResponse" time="0.336"/>
  <testcase classname="test.ComparatorTest" name="testApiResponse" time="0.332"/>
  <testcase classname="test.ComparatorTest" name="testApiResponse" time="0.38"/>
  <testcase classname="test.ComparatorTest" name="testApiResponse" time="0.355"/>
  <testcase classname="test.ComparatorTest" name="testApiResponse" time="0.317"/>
  <testcase classname="test.ComparatorTest" name="testApiResponse" time="0.342"/>
  <testcase classname="test.ComparatorTest" name="testApiResponse" time="0.343"/>
  <testcase classname="test.ComparatorTest" name="testApiResponse" time="0.329"/>
  <testcase classname="test.ComparatorTest" name="testApiResponse" time="0.34"/>
  <testcase classname="test.ComparatorTest" name="testApiResponse" time="0.314"/>
  <testcase classname="test.ComparatorTest" name="testApiResponse" time="0.329"/>
  <testcase classname="test.ComparatorTest" name="testApiResponse" time="0.323"/>
  <testcase classname="test.ComparatorTest" name="testApiResponse" time="0.385"/>
  <testcase classname="test.ComparatorTest" name="testApiResponse" time="0.367"/>
  <testcase classname="test.ComparatorTest" name="testApiResponse" time="0.339"/>
  <testcase classname="test.ComparatorTest" name="testApiResponse" time="0.331"/>
  <testcase classname="test.ComparatorTest" name="testApiResponse" time="0.319"/>
  <testcase classname="test.ComparatorTest" name="testApiResponse" time="0.329"/>
  <testcase classname="test.ComparatorTest" name="testApiResponse" time="0.33"/>
  <testcase classname="test.ComparatorTest" name="testApiResponse" time="0.336"/>
  <testcase classname="test.ComparatorTest" name="testApiResponse" time="0.336"/>
  <testcase classname="test.ComparatorTest" name="testApiResponse" time="0.312"/>
  <testcase classname="test.ComparatorTest" name="testApiResponse" time="0.326"/>
  <testcase classname="test.ComparatorTest" name="testApiResponse" time="0.336"/>
  <testcase classname="test.ComparatorTest" name="testApiResponse" time="0.336"/>
  <testcase classname="test.ComparatorTest" name="testApiResponse" time="0.367"/>
  <testcase classname="test.ComparatorTest" name="testApiResponse" time="0.339"/>
  <testcase classname="test.ComparatorTest" name="testApiResponse" time="0.337"/>
  <testcase classname="test.ComparatorTest" name="testApiResponse" time="0.327"/>
  <testcase classname="test.ComparatorTest" name="testApiResponse" time="0.331"/>
  <testcase classname="test.ComparatorTest" name="testApiResponse" time="0.337"/>
  <testcase classname="test.ComparatorTest" name="testApiResponse" time="0.325"/>
  <testcase classname="test.ComparatorTest" name="testApiResponse" time="0.336"/>
  <testcase classname="test.ComparatorTest" name="testApiResponse" time="0.336"/>
  <testcase classname="test.ComparatorTest" name="testApiResponse" time="0.32"/>
  <testcase classname="test.ComparatorTest" name="testApiResponse" time="0.345"/>
  <testcase classname="test.ComparatorTest" name="testApiResponse" time="0.342"/>
  <testcase classname="test.ComparatorTest" name="testApiResponse" time="0.352"/>
  <testcase classname="test.ComparatorTest" name="testApiResponse" time="0.334"/>
  <testcase classname="test.ComparatorTest" name="testApiResponse" time="0.334"/>
  <testcase classname="test.ComparatorTest" name="testApiResponse" time="0.342"/>
  <testcase classname="test.ComparatorTest" name="testApiResponse" time="0.332"/>
  <testcase classname="test.ComparatorTest" name="testApiResponse" time="0.349"/>
  <testcase classname="test.ComparatorTest" name="testApiResponse" time="0.339"/>
  <testcase classname="test.ComparatorTest" name="testApiResponse" time="0.348"/>
  <testcase classname="test.ComparatorTest" name="testApiResponse" time="0.344"/>
  <testcase classname="test.ComparatorTest" name="testApiResponse" time="0.334"/>
  <testcase classname="test.ComparatorTest" name="testApiResponse" time="0.355"/>
  <testcase classname="test.ComparatorTest" name="testApiResponse" time="0.338"/>
  <testcase classname="test.ComparatorTest" name="testApiResponse" time="0.326"/>
  <testcase classname="test.ComparatorTest" name="testApiResponse" time="0.323"/>
  <testcase classname="test.ComparatorTest" name="testApiResponse" time="0.311"/>
  <testcase classname="test.ComparatorTest" name="testApiResponse" time="0.317"/>
  <testcase classname="test.ComparatorTest" name="testApiResponse" time="0.332"/>
  <testcase classname="test.ComparatorTest" name="testApiResponse" time="0.34"/>
  <testcase classname="test.ComparatorTest" name="testApiResponse" time="0.314"/>
  <testcase classname="test.ComparatorTest" name="testApiResponse" time="0.354"/>
  <testcase classname="test.ComparatorTest" name="testApiResponse" time="0.345"/>
  <testcase classname="test.ComparatorTest" name="testApiResponse" time="0.343"/>
  <testcase classname="test.ComparatorTest" name="testApiResponse" time="0.335"/>
  <testcase classname="test.ComparatorTest" name="testApiResponse" time="0.343"/>
  <testcase classname="test.ComparatorTest" name="testApiResponse" time="0.337"/>
  <testcase classname="test.ComparatorTest" name="testApiResponse" time="0.336"/>
  <testcase classname="test.ComparatorTest" name="testApiResponse" time="0.345"/>
  <testcase classname="test.ComparatorTest" name="testApiResponse" time="0.334"/>
  <testcase classname="test.ComparatorTest" name="testApiResponse" time="0.324"/>
  <testcase classname="test.ComparatorTest" name="testApiResponse" time="0.354"/>
  <testcase classname="test.ComparatorTest" name="testApiResponse" time="0.373"/>
  <testcase classname="test.ComparatorTest" name="testApiResponse" time="0.354"/>
  <testcase classname="test.ComparatorTest" name="testApiResponse" time="0.346"/>
  <testcase classname="test.ComparatorTest" name="testApiResponse" time="0.334"/>
  <testcase classname="test.ComparatorTest" name="testApiResponse" time="0.35"/>
  <testcase classname="test.ComparatorTest" name="testApiResponse" time="0.357"/>
  <testcase classname="test.ComparatorTest" name="testApiResponse" time="0.325"/>
  <testcase classname="test.ComparatorTest" name="testApiResponse" time="0.348"/>
  <testcase classname="test.ComparatorTest" name="testApiResponse" time="0.332"/>
  <testcase classname="test.ComparatorTest" name="testApiResponse" time="0.383"/>
  <testcase classname="test.ComparatorTest" name="testApiResponse" time="0.349"/>
  <testcase classname="test.ComparatorTest" name="testApiResponse" time="0.331"/>
  <testcase classname="test.ComparatorTest" name="testApiResponse" time="0.423"/>
  <testcase classname="test.ComparatorTest" name="testApiResponse" time="0.336"/>
  <testcase classname="test.ComparatorTest" name="testApiResponse" time="0.301"/>
  <testcase classname="test.ComparatorTest" name="testApiResponse" time="0.359"/>
  <testcase classname="test.ComparatorTest" name="testApiResponse" time="0.326"/>
  <testcase classname="test.ComparatorTest" name="testApiResponse" time="0.351"/>
  <testcase classname="test.ComparatorTest" name="testApiResponse" time="0.349"/>
  <testcase classname="test.ComparatorTest" name="testApiResponse" time="0.336"/>
  <testcase classname="test.ComparatorTest" name="testApiResponse" time="0.335"/>
  <testcase classname="test.ComparatorTest" name="testApiResponse" time="0.354"/>
  <testcase classname="test.ComparatorTest" name="testApiResponse" time="0.392"/>
  <testcase classname="test.ComparatorTest" name="testApiResponse" time="0.347"/>
  <testcase classname="test.ComparatorTest" name="testApiResponse" time="0.319"/>
  <testcase classname="test.ComparatorTest" name="testApiResponse" time="0.353"/>
  <testcase classname="test.ComparatorTest" name="testApiResponse" time="0.364"/>
  <testcase classname="test.ComparatorTest" name="testApiResponse" time="0.317"/>
  <testcase classname="test.ComparatorTest" name="testApiResponse" time="0.35"/>
  <testcase classname="test.ComparatorTest" name="testApiResponse" time="0.36"/>
  <testcase classname="test.ComparatorTest" name="testApiResponse" time="0.34"/>
  <testcase classname="test.ComparatorTest" name="testApiResponse" time="0.332"/>
  <testcase classname="test.ComparatorTest" name="testApiResponse" time="0.343"/>
  <testcase classname="test.ComparatorTest" name="testApiResponse" time="0.347"/>
  <testcase classname="test.ComparatorTest" name="testApiResponse" time="0.336"/>
  <testcase classname="test.ComparatorTest" name="testApiResponse" time="0.337"/>
  <testcase classname="test.ComparatorTest" name="testApiResponse" time="0.331"/>
  <testcase classname="test.ComparatorTest" name="testApiResponse" time="0.339"/>
  <testcase classname="test.ComparatorTest" name="testApiResponse" time="0.342"/>
  <testcase classname="test.ComparatorTest" name="testApiResponse" time="0.326"/>
  <testcase classname="test.ComparatorTest" name="testApiResponse" time="0.33"/>
  <testcase classname="test.ComparatorTest" name="testApiResponse" time="0.32"/>
  <testcase classname="test.ComparatorTest" name="testApiResponse" time="0.337"/>
  <testcase classname="test.ComparatorTest" name="testApiResponse" time="0.326"/>
  <testcase classname="test.ComparatorTest" name="testApiResponse" time="0.318"/>
  <testcase classname="test.ComparatorTest" name="testApiResponse" time="0.35"/>
  <testcase classname="test.ComparatorTest" name="testApiResponse" time="0.35"/>
  <testcase classname="test.ComparatorTest" name="testApiResponse" time="0.339"/>
  <testcase classname="test.ComparatorTest" name="testApiResponse" time="0.336"/>
  <testcase classname="test.ComparatorTest" name="testApiResponse" time="0.327"/>
  <testcase classname="test.ComparatorTest" name="testApiResponse" time="0.356"/>
  <testcase classname="test.ComparatorTest" name="testApiResponse" time="0.342"/>
  <testcase classname="test.ComparatorTest" name="testApiResponse" time="0.346"/>
  <testcase classname="test.ComparatorTest" name="testApiResponse" time="0.334"/>
  <testcase classname="test.ComparatorTest" name="testApiResponse" time="0.324"/>
  <testcase classname="test.ComparatorTest" name="testApiResponse" time="0.329"/>
  <testcase classname="test.ComparatorTest" name="testApiResponse" time="0.34"/>
  <testcase classname="test.ComparatorTest" name="testApiResponse" time="0.336"/>
  <testcase classname="test.ComparatorTest" name="testApiResponse" time="0.33"/>
  <testcase classname="test.ComparatorTest" name="testApiResponse" time="0.333"/>
  <testcase classname="test.ComparatorTest" name="testApiResponse" time="0.324"/>
  <testcase classname="test.ComparatorTest" name="testApiResponse" time="0.321"/>
  <testcase classname="test.ComparatorTest" name="testApiResponse" time="0.33"/>
  <testcase classname="test.ComparatorTest" name="testApiResponse" time="0.335"/>
  <testcase classname="test.ComparatorTest" name="testApiResponse" time="0.32"/>
  <testcase classname="test.ComparatorTest" name="testApiResponse" time="0.318"/>
  <testcase classname="test.ComparatorTest" name="testApiResponse" time="0.352"/>
  <testcase classname="test.ComparatorTest" name="testApiResponse" time="0.327"/>
  <testcase classname="test.ComparatorTest" name="testApiResponse" time="0.332"/>
  <testcase classname="test.ComparatorTest" name="testApiResponse" time="0.334"/>
  <testcase classname="test.ComparatorTest" name="testApiResponse" time="0.323"/>
  <testcase classname="test.ComparatorTest" name="testApiResponse" time="0.35"/>
  <testcase classname="test.ComparatorTest" name="testApiResponse" time="0.34"/>
  <testcase classname="test.ComparatorTest" name="testApiResponse" time="0.352"/>
  <testcase classname="test.ComparatorTest" name="testApiResponse" time="0.32"/>
  <testcase classname="test.ComparatorTest" name="testApiResponse" time="0.009"/>
  <testcase classname="test.ComparatorTest" name="testApiResponse" time="0.338"/>
  <testcase classname="test.ComparatorTest" name="testApiResponse" time="0.354"/>
  <testcase classname="test.ComparatorTest" name="testApiResponse" time="0.351"/>
  <testcase classname="test.ComparatorTest" name="testApiResponse" time="0.317"/>
  <testcase classname="test.ComparatorTest" name="testApiResponse" time="0.374"/>
  <testcase classname="test.ComparatorTest" name="testApiResponse" time="0.341"/>
  <testcase classname="test.ComparatorTest" name="testApiResponse" time="0.363"/>
  <testcase classname="test.ComparatorTest" name="testApiResponse" time="0.339"/>
  <testcase classname="test.ComparatorTest" name="testApiResponse" time="0.32"/>
  <testcase classname="test.ComparatorTest" name="testApiResponse" time="0.347"/>
  <testcase classname="test.ComparatorTest" name="testApiResponse" time="0.342"/>
  <testcase classname="test.ComparatorTest" name="testApiResponse" time="0.366"/>
  <testcase classname="test.ComparatorTest" name="testApiResponse" time="0.312"/>
  <testcase classname="test.ComparatorTest" name="testApiResponse" time="0.361"/>
  <testcase classname="test.ComparatorTest" name="testApiResponse" time="0.366"/>
  <testcase classname="test.ComparatorTest" name="testApiResponse" time="0.305"/>
  <testcase classname="test.ComparatorTest" name="testApiResponse" time="0.346"/>
  <testcase classname="test.ComparatorTest" name="testApiResponse" time="0.311"/>
  <testcase classname="test.ComparatorTest" name="testApiResponse" time="0.329"/>
  <testcase classname="test.ComparatorTest" name="testApiResponse" time="0.36"/>
  <testcase classname="test.ComparatorTest" name="testApiResponse" time="0.345"/>
  <testcase classname="test.ComparatorTest" name="testApiResponse" time="0.353"/>
  <testcase classname="test.ComparatorTest" name="testApiResponse" time="0.331"/>
  <testcase classname="test.ComparatorTest" name="testApiResponse" time="0.333"/>
  <testcase classname="test.ComparatorTest" name="testApiResponse" time="0.348"/>
  <testcase classname="test.ComparatorTest" name="testApiResponse" time="0.314"/>
  <testcase classname="test.ComparatorTest" name="testApiResponse" time="0.343"/>
  <testcase classname="test.ComparatorTest" name="testApiResponse" time="0.372"/>
  <testcase classname="test.ComparatorTest" name="testApiResponse" time="0.338"/>
  <testcase classname="test.ComparatorTest" name="testApiResponse" time="0.336"/>
  <testcase classname="test.ComparatorTest" name="testApiResponse" time="0.333"/>
  <testcase classname="test.ComparatorTest" name="testApiResponse" time="0.387"/>
  <testcase classname="test.ComparatorTest" name="testApiResponse" time="0.329"/>
  <testcase classname="test.ComparatorTest" name="testApiResponse" time="0.34"/>
  <testcase classname="test.ComparatorTest" name="testApiResponse" time="0.311"/>
  <testcase classname="test.ComparatorTest" name="testApiResponse" time="0.374"/>
  <testcase classname="test.ComparatorTest" name="testApiResponse" time="0.334"/>
  <testcase classname="test.ComparatorTest" name="testApiResponse" time="0.343"/>
  <testcase classname="test.ComparatorTest" name="testApiResponse" time="0.32"/>
  <testcase classname="test.ComparatorTest" name="testApiResponse" time="0.354"/>
  <testcase classname="test.ComparatorTest" name="testApiResponse" time="0.326"/>
  <testcase classname="test.ComparatorTest" name="testApiResponse" time="0.332"/>
  <testcase classname="test.ComparatorTest" name="testApiResponse" time="0.348"/>
  <testcase classname="test.ComparatorTest" name="testApiResponse" time="0.343"/>
  <testcase classname="test.ComparatorTest" name="testApiResponse" time="0.341"/>
  <testcase classname="test.ComparatorTest" name="testApiResponse" time="0.337"/>
  <testcase classname="test.ComparatorTest" name="testApiResponse" time="0.349"/>
  <testcase classname="test.ComparatorTest" name="testApiResponse" time="0.341"/>
  <testcase classname="test.ComparatorTest" name="testApiResponse" time="0.353"/>
  <testcase classname="test.ComparatorTest" name="testApiResponse" time="0.337"/>
  <testcase classname="test.ComparatorTest" name="testApiResponse" time="0.356"/>
  <testcase classname="test.ComparatorTest" name="testApiResponse" time="0.321"/>
  <testcase classname="test.ComparatorTest" name="testApiResponse" time="0.357"/>
  <testcase classname="test.ComparatorTest" name="testApiResponse" time="0.347"/>
  <testcase classname="test.ComparatorTest" name="testApiResponse" time="0.332"/>
  <testcase classname="test.ComparatorTest" name="testApiResponse" time="0.358"/>
  <testcase classname="test.ComparatorTest" name="testApiResponse" time="0.328"/>
  <testcase classname="test.ComparatorTest" name="testApiResponse" time="0.324"/>
  <testcase classname="test.ComparatorTest" name="testApiResponse" time="0.335"/>
  <testcase classname="test.ComparatorTest" name="testApiResponse" time="0.349"/>
  <testcase classname="test.ComparatorTest" name="testApiResponse" time="0.336"/>
  <testcase classname="test.ComparatorTest" name="testApiResponse" time="0.346"/>
  <testcase classname="test.ComparatorTest" name="testApiResponse" time="0.364"/>
  <testcase classname="test.ComparatorTest" name="testApiResponse" time="0.343"/>
  <testcase classname="test.ComparatorTest" name="testApiResponse" time="0.335"/>
  <testcase classname="test.ComparatorTest" name="testApiResponse" time="0.337"/>
  <testcase classname="test.ComparatorTest" name="testApiResponse" time="0.341"/>
  <testcase classname="test.ComparatorTest" name="testApiResponse" time="0.336"/>
  <testcase classname="test.ComparatorTest" name="testApiResponse" time="0.332"/>
  <testcase classname="test.ComparatorTest" name="testApiResponse" time="0.347"/>
  <testcase classname="test.ComparatorTest" name="testApiResponse" time="0.339"/>
  <testcase classname="test.ComparatorTest" name="testApiResponse" time="0.332"/>
  <testcase classname="test.ComparatorTest" name="testApiResponse" time="0.357"/>
  <testcase classname="test.ComparatorTest" name="testApiResponse" time="0.337"/>
  <testcase classname="test.ComparatorTest" name="testApiResponse" time="0.353"/>
  <testcase classname="test.ComparatorTest" name="testApiResponse" time="0.361"/>
  <testcase classname="test.ComparatorTest" name="testApiResponse" time="0.355"/>
  <testcase classname="test.ComparatorTest" name="testApiResponse" time="0.327"/>
  <testcase classname="test.ComparatorTest" name="testApiResponse" time="0.326"/>
  <testcase classname="test.ComparatorTest" name="testApiResponse" time="0.324"/>
  <testcase classname="test.ComparatorTest" name="testApiResponse" time="0.309"/>
  <testcase classname="test.ComparatorTest" name="testApiResponse" time="0.365"/>
  <testcase classname="test.ComparatorTest" name="testApiResponse" time="0.332"/>
  <testcase classname="test.ComparatorTest" name="testApiResponse" time="0.316"/>
  <testcase classname="test.ComparatorTest" name="testApiResponse" time="0.324"/>
  <testcase classname="test.ComparatorTest" name="testApiResponse" time="0.333"/>
  <testcase classname="test.ComparatorTest" name="testApiResponse" time="0.374"/>
  <testcase classname="test.ComparatorTest" name="testApiResponse" time="0.327"/>
  <testcase classname="test.ComparatorTest" name="testApiResponse" time="0.371"/>
  <testcase classname="test.ComparatorTest" name="testApiResponse" time="0.305"/>
  <testcase classname="test.ComparatorTest" name="testApiResponse" time="0.328"/>
  <testcase classname="test.ComparatorTest" name="testApiResponse" time="0.341"/>
  <testcase classname="test.ComparatorTest" name="testApiResponse" time="0.322"/>
  <testcase classname="test.ComparatorTest" name="testApiResponse" time="0.359"/>
  <testcase classname="test.ComparatorTest" name="testApiResponse" time="0.32"/>
  <testcase classname="test.ComparatorTest" name="testApiResponse" time="0.359"/>
  <testcase classname="test.ComparatorTest" name="testApiResponse" time="0.322"/>
  <testcase classname="test.ComparatorTest" name="testApiResponse" time="0.311"/>
  <testcase classname="test.ComparatorTest" name="testApiResponse" time="0.335"/>
  <testcase classname="test.ComparatorTest" name="testApiResponse" time="0.46"/>
  <testcase classname="test.ComparatorTest" name="testApiResponse" time="0.34"/>
  <testcase classname="test.ComparatorTest" name="testApiResponse" time="0.324"/>
  <testcase classname="test.ComparatorTest" name="testApiResponse" time="0.33"/>
  <testcase classname="test.ComparatorTest" name="testApiResponse" time="0.355"/>
  <testcase classname="test.ComparatorTest" name="testApiResponse" time="0.339"/>
  <testcase classname="test.ComparatorTest" name="testApiResponse" time="0.353"/>
  <testcase classname="test.ComparatorTest" name="testApiResponse" time="0.343"/>
  <testcase classname="test.ComparatorTest" name="testApiResponse" time="0.305"/>
  <testcase classname="test.ComparatorTest" name="testApiResponse" time="0.32"/>
  <testcase classname="test.ComparatorTest" name="testApiResponse" time="0.353"/>
  <testcase classname="test.ComparatorTest" name="testApiResponse" time="0.3"/>
  <testcase classname="test.ComparatorTest" name="testApiResponse" time="0.312"/>
  <testcase classname="test.ComparatorTest" name="testApiResponse" time="0.335"/>
  <testcase classname="test.ComparatorTest" name="testApiResponse" time="0.325"/>
  <testcase classname="test.ComparatorTest" name="testApiResponse" time="0.317"/>
  <testcase classname="test.ComparatorTest" name="testApiResponse" time="0.339"/>
  <testcase classname="test.ComparatorTest" name="testApiResponse" time="0.351"/>
  <testcase classname="test.ComparatorTest" name="testApiResponse" time="0.311"/>
  <testcase classname="test.ComparatorTest" name="testApiResponse" time="0.331"/>
  <testcase classname="test.ComparatorTest" name="testApiResponse" time="0.327"/>
  <testcase classname="test.ComparatorTest" name="testApiResponse" time="0.336"/>
  <testcase classname="test.ComparatorTest" name="testApiResponse" time="0.312"/>
  <testcase classname="test.ComparatorTest" name="testApiResponse" time="0.329"/>
  <testcase classname="test.ComparatorTest" name="testApiResponse" time="0.315"/>
  <testcase classname="test.ComparatorTest" name="testApiResponse" time="0.328"/>
  <testcase classname="test.ComparatorTest" name="testApiResponse" time="0.327"/>
  <testcase classname="test.ComparatorTest" name="testApiResponse" time="0.31"/>
  <testcase classname="test.ComparatorTest" name="testApiResponse" time="0.318"/>
  <testcase classname="test.ComparatorTest" name="testApiResponse" time="0.321"/>
  <testcase classname="test.ComparatorTest" name="testApiResponse" time="0.33"/>
  <testcase classname="test.ComparatorTest" name="testApiResponse" time="0.324"/>
  <testcase classname="test.ComparatorTest" name="testApiResponse" time="0.325"/>
  <testcase classname="test.ComparatorTest" name="testApiResponse" time="0.32"/>
  <testcase classname="test.ComparatorTest" name="testApiResponse" time="0.358"/>
  <testcase classname="test.ComparatorTest" name="testApiResponse" time="0.36"/>
  <testcase classname="test.ComparatorTest" name="testApiResponse" time="0.327"/>
  <testcase classname="test.ComparatorTest" name="testApiResponse" time="0.3"/>
  <testcase classname="test.ComparatorTest" name="testApiResponse" time="0.324"/>
  <testcase classname="test.ComparatorTest" name="testApiResponse" time="0.338"/>
  <testcase classname="test.ComparatorTest" name="testApiResponse" time="0.326"/>
  <testcase classname="test.ComparatorTest" name="testApiResponse" time="0.375"/>
  <testcase classname="test.ComparatorTest" name="testApiResponse" time="0.337"/>
  <testcase classname="test.ComparatorTest" name="testApiResponse" time="0.345"/>
  <testcase classname="test.ComparatorTest" name="testApiResponse" time="0.343"/>
  <testcase classname="test.ComparatorTest" name="testApiResponse" time="0.321"/>
  <testcase classname="test.ComparatorTest" name="testApiResponse" time="0.312"/>
  <testcase classname="test.ComparatorTest" name="testApiResponse" time="0.337"/>
  <testcase classname="test.ComparatorTest" name="testApiResponse" time="0.325"/>
  <testcase classname="test.ComparatorTest" name="testApiResponse" time="0.343"/>
  <testcase classname="test.ComparatorTest" name="testApiResponse" time="0.39"/>
  <testcase classname="test.ComparatorTest" name="testApiResponse" time="0.347"/>
  <testcase classname="test.ComparatorTest" name="testApiResponse" time="0.325"/>
  <testcase classname="test.ComparatorTest" name="testApiResponse" time="0.335"/>
  <testcase classname="test.ComparatorTest" name="testApiResponse" time="0.325"/>
  <testcase classname="test.ComparatorTest" name="testApiResponse" time="0.329"/>
  <testcase classname="test.ComparatorTest" name="testApiResponse" time="0.354"/>
  <testcase classname="test.ComparatorTest" name="testApiResponse" time="0.345"/>
  <testcase classname="test.ComparatorTest" name="testApiResponse" time="0.338"/>
  <testcase classname="test.ComparatorTest" name="testApiResponse" time="0.346"/>
  <testcase classname="test.ComparatorTest" name="testApiResponse" time="0.312"/>
  <testcase classname="test.ComparatorTest" name="testApiResponse" time="0.32"/>
  <testcase classname="test.ComparatorTest" name="testApiResponse" time="0.337"/>
  <testcase classname="test.ComparatorTest" name="testApiResponse" time="0.342"/>
  <testcase classname="test.ComparatorTest" name="testApiResponse" time="0.325"/>
  <testcase classname="test.ComparatorTest" name="testApiResponse" time="0.328"/>
  <testcase classname="test.ComparatorTest" name="testApiResponse" time="0.341"/>
  <testcase classname="test.ComparatorTest" name="testApiResponse" time="0.339"/>
  <testcase classname="test.ComparatorTest" name="testApiResponse" time="0.307"/>
  <testcase classname="test.ComparatorTest" name="testApiResponse" time="0.311"/>
  <testcase classname="test.ComparatorTest" name="testApiResponse" time="0.332"/>
  <testcase classname="test.ComparatorTest" name="testApiResponse" time="0.321"/>
  <testcase classname="test.ComparatorTest" name="testApiResponse" time="0.328"/>
  <testcase classname="test.ComparatorTest" name="testApiResponse" time="0.338"/>
  <testcase classname="test.ComparatorTest" name="testApiResponse" time="0.343"/>
  <testcase classname="test.ComparatorTest" name="testApiResponse" time="0.325"/>
  <testcase classname="test.ComparatorTest" name="testApiResponse" time="0.344"/>
  <testcase classname="test.ComparatorTest" name="testApiResponse" time="0.336"/>
  <testcase classname="test.ComparatorTest" name="testApiResponse" time="0.333"/>
  <testcase classname="test.ComparatorTest" name="testApiResponse" time="0.334"/>
  <testcase classname="test.ComparatorTest" name="testApiResponse" time="0.327"/>
  <testcase classname="test.ComparatorTest" name="testApiResponse" time="0.328"/>
  <testcase classname="test.ComparatorTest" name="testApiResponse" time="0.347"/>
  <testcase classname="test.ComparatorTest" name="testApiResponse" time="0.336"/>
  <testcase classname="test.ComparatorTest" name="testApiResponse" time="0.327"/>
  <testcase classname="test.ComparatorTest" name="testApiResponse" time="0.34"/>
  <testcase classname="test.ComparatorTest" name="testApiResponse" time="0.34"/>
  <testcase classname="test.ComparatorTest" name="testApiResponse" time="0.343"/>
  <testcase classname="test.ComparatorTest" name="testApiResponse" time="0.343"/>
  <testcase classname="test.ComparatorTest" name="testApiResponse" time="0.34"/>
  <testcase classname="test.ComparatorTest" name="testApiResponse" time="0.33"/>
  <testcase classname="test.ComparatorTest" name="testApiResponse" time="0.309"/>
  <testcase classname="test.ComparatorTest" name="testApiResponse" time="0.338"/>
  <testcase classname="test.ComparatorTest" name="testApiResponse" time="0.34"/>
  <testcase classname="test.ComparatorTest" name="testApiResponse" time="0.336"/>
  <testcase classname="test.ComparatorTest" name="testApiResponse" time="0.313"/>
  <testcase classname="test.ComparatorTest" name="testApiResponse" time="0.341"/>
  <testcase classname="test.ComparatorTest" name="testApiResponse" time="0.308"/>
  <testcase classname="test.ComparatorTest" name="testApiResponse" time="0.339"/>
  <testcase classname="test.ComparatorTest" name="testApiResponse" time="0.334"/>
  <testcase classname="test.ComparatorTest" name="testApiResponse" time="0.314"/>
  <testcase classname="test.ComparatorTest" name="testApiResponse" time="0.34"/>
  <testcase classname="test.ComparatorTest" name="testApiResponse" time="0.334"/>
  <testcase classname="test.ComparatorTest" name="testApiResponse" time="0.319"/>
  <testcase classname="test.ComparatorTest" name="testApiResponse" time="0.342"/>
  <testcase classname="test.ComparatorTest" name="testApiResponse" time="0.358"/>
  <testcase classname="test.ComparatorTest" name="testApiResponse" time="0.343"/>
  <testcase classname="test.ComparatorTest" name="testApiResponse" time="0.346"/>
  <testcase classname="test.ComparatorTest" name="testApiResponse" time="0.321"/>
  <testcase classname="test.ComparatorTest" name="testApiResponse" time="0.324"/>
  <testcase classname="test.ComparatorTest" name="testApiResponse" time="0.355"/>
  <testcase classname="test.ComparatorTest" name="testApiResponse" time="0.317"/>
  <testcase classname="test.ComparatorTest" name="testApiResponse" time="0.336"/>
  <testcase classname="test.ComparatorTest" name="testApiResponse" time="0.34"/>
  <testcase classname="test.ComparatorTest" name="testApiResponse" time="0.315"/>
  <testcase classname="test.ComparatorTest" name="testApiResponse" time="0.377"/>
  <testcase classname="test.ComparatorTest" name="testApiResponse" time="0.355"/>
  <testcase classname="test.ComparatorTest" name="testApiResponse" time="0.312"/>
  <testcase classname="test.ComparatorTest" name="testApiResponse" time="0.358"/>
  <testcase classname="test.ComparatorTest" name="testApiResponse" time="0.314"/>
  <testcase classname="test.ComparatorTest" name="testApiResponse" time="0.344"/>
  <testcase classname="test.ComparatorTest" name="testApiResponse" time="0.329"/>
  <testcase classname="test.ComparatorTest" name="testApiResponse" time="0.321"/>
  <testcase classname="test.ComparatorTest" name="testApiResponse" time="0.353"/>
  <testcase classname="test.ComparatorTest" name="testApiResponse" time="0.345"/>
  <testcase classname="test.ComparatorTest" name="testApiResponse" time="0.318"/>
  <testcase classname="test.ComparatorTest" name="testApiResponse" time="0.326"/>
  <testcase classname="test.ComparatorTest" name="testApiResponse" time="0.33"/>
  <testcase classname="test.ComparatorTest" name="testApiResponse" time="0.326"/>
  <testcase classname="test.ComparatorTest" name="testApiResponse" time="0.311"/>
[...]
  <testcase classname="test.ComparatorTest" name="testApiResponse" time="0.335"/>
  <testcase classname="test.ComparatorTest" name="testApiResponse" time="0.358"/>
  <testcase classname="test.ComparatorTest" name="testApiResponse" time="0.317"/>
  <testcase classname="test.ComparatorTest" name="testApiResponse" time="0.357"/>
  <testcase classname="test.ComparatorTest" name="testApiResponse" time="0.333"/>
  <testcase classname="test.ComparatorTest" name="testApiResponse" time="0.341"/>
  <testcase classname="test.ComparatorTest" name="testApiResponse" time="0.331"/>
  <testcase classname="test.ComparatorTest" name="testApiResponse" time="0.34"/>
  <testcase classname="test.ComparatorTest" name="testApiResponse" time="0.35"/>
  <testcase classname="test.ComparatorTest" name="testApiResponse" time="0.326"/>
  <testcase classname="test.ComparatorTest" name="testApiResponse" time="0.352"/>
  <testcase classname="test.ComparatorTest" name="testApiResponse" time="0.318"/>
  <testcase classname="test.ComparatorTest" name="testApiResponse" time="0.346"/>
  <testcase classname="test.ComparatorTest" name="testApiResponse" time="0.39"/>
  <testcase classname="test.ComparatorTest" name="testApiResponse" time="0.33"/>
  <testcase classname="test.ComparatorTest" name="testApiResponse" time="0.33"/>
  <testcase classname="test.ComparatorTest" name="testApiResponse" time="0.337"/>
  <testcase classname="test.ComparatorTest" name="testApiResponse" time="0.349"/>
  <testcase classname="test.ComparatorTest" name="testApiResponse" time="0.347"/>
  <testcase classname="test.ComparatorTest" name="testApiResponse" time="0.326"/>
  <testcase classname="test.ComparatorTest" name="testApiResponse" time="0.342"/>
  <testcase classname="test.ComparatorTest" name="testApiResponse" time="0.351"/>
  <testcase classname="test.ComparatorTest" name="testApiResponse" time="0.33"/>
  <testcase classname="test.ComparatorTest" name="testApiResponse" time="0.363"/>
  <testcase classname="test.ComparatorTest" name="testApiResponse" time="0.333"/>
  <testcase classname="test.ComparatorTest" name="testApiResponse" time="0.358"/>
  <testcase classname="test.ComparatorTest" name="testApiResponse" time="0.338"/>
  <testcase classname="test.ComparatorTest" name="testApiResponse" time="0.365"/>
  <testcase classname="test.ComparatorTest" name="testApiResponse" time="0.336"/>
  <testcase classname="test.ComparatorTest" name="testApiResponse" time="0.314"/>
  <testcase classname="test.ComparatorTest" name="testApiResponse" time="0.327"/>
  <testcase classname="test.ComparatorTest" name="testApiResponse" time="0.346"/>
  <testcase classname="test.ComparatorTest" name="testApiResponse" time="0.36"/>
  <testcase classname="test.ComparatorTest" name="testApiResponse" time="0.342"/>
  <testcase classname="test.ComparatorTest" name="testApiResponse" time="0.351"/>
  <testcase classname="test.ComparatorTest" name="testApiResponse" time="0.334"/>
  <testcase classname="test.ComparatorTest" name="testApiResponse" time="0.314"/>
  <testcase classname="test.ComparatorTest" name="testApiResponse" time="0.345"/>
  <testcase classname="test.ComparatorTest" name="testApiResponse" time="0.306"/>
  <testcase classname="test.ComparatorTest" name="testApiResponse" time="0.302"/>
  <testcase classname="test.ComparatorTest" name="testApiResponse" time="0.333"/>
  <testcase classname="test.ComparatorTest" name="testApiResponse" time="0.337"/>
  <testcase classname="test.ComparatorTest" name="testApiResponse" time="0.349"/>
  <testcase classname="test.ComparatorTest" name="testApiResponse" time="0.335"/>
  <testcase classname="test.ComparatorTest" name="testApiResponse" time="0.35"/>
  <testcase classname="test.ComparatorTest" name="testApiResponse" time="0.354"/>
  <testcase classname="test.ComparatorTest" name="testApiResponse" time="0.372"/>
  <testcase classname="test.ComparatorTest" name="testApiResponse" time="0.34"/>
  <testcase classname="test.ComparatorTest" name="testApiResponse" time="0.352"/>
  <testcase classname="test.ComparatorTest" name="testApiResponse" time="0.366"/>
  <testcase classname="test.ComparatorTest" name="testApiResponse" time="0.34"/>
  <testcase classname="test.ComparatorTest" name="testApiResponse" time="0.341"/>
  <testcase classname="test.ComparatorTest" name="testApiResponse" time="0.351"/>
  <testcase classname="test.ComparatorTest" name="testApiResponse" time="0.335"/>
  <testcase classname="test.ComparatorTest" name="testApiResponse" time="0.329"/>
  <testcase classname="test.ComparatorTest" name="testApiResponse" time="0.343"/>
  <testcase classname="test.ComparatorTest" name="testApiResponse" time="0.318"/>
  <testcase classname="test.ComparatorTest" name="testApiResponse" time="0.323"/>
  <testcase classname="test.ComparatorTest" name="testApiResponse" time="0.34"/>
  <testcase classname="test.ComparatorTest" name="testApiResponse" time="0.366"/>
  <testcase classname="test.ComparatorTest" name="testApiResponse" time="0.361"/>
  <testcase classname="test.ComparatorTest" name="testApiResponse" time="0.341"/>
  <testcase classname="test.ComparatorTest" name="testApiResponse" time="0.34"/>
  <testcase classname="test.ComparatorTest" name="testApiResponse" time="0.368"/>
  <testcase classname="test.ComparatorTest" name="testApiResponse" time="0.344"/>
  <testcase classname="test.ComparatorTest" name="testApiResponse" time="0.333"/>
  <testcase classname="test.ComparatorTest" name="testApiResponse" time="0.334"/>
  <testcase classname="test.ComparatorTest" name="testApiResponse" time="0.319"/>
  <testcase classname="test.ComparatorTest" name="testApiResponse" time="0.343"/>
  <testcase classname="test.ComparatorTest" name="testApiResponse" time="0.321"/>
  <testcase classname="test.ComparatorTest" name="testApiResponse" time="0.44"/>
  <testcase classname="test.ComparatorTest" name="testApiResponse" time="0.33"/>
  <testcase classname="test.ComparatorTest" name="testApiResponse" time="0.362"/>
  <testcase classname="test.ComparatorTest" name="testApiResponse" time="0.345"/>
  <testcase classname="test.ComparatorTest" name="testApiResponse" time="0.354"/>
  <testcase classname="test.ComparatorTest" name="testApiResponse" time="0.338"/>
  <testcase classname="test.ComparatorTest" name="testApiResponse" time="0.33"/>
  <testcase classname="test.ComparatorTest" name="testApiResponse" time="0.308"/>
  <testcase classname="test.ComparatorTest" name="testApiResponse" time="0.349"/>
  <testcase classname="test.ComparatorTest" name="testApiResponse" time="0.352"/>
  <testcase classname="test.ComparatorTest" name="testApiResponse" time="0.322"/>
  <testcase classname="test.ComparatorTest" name="testApiResponse" time="0.359"/>
  <testcase classname="test.ComparatorTest" name="testApiResponse" time="0.352"/>
  <testcase classname="test.ComparatorTest" name="testApiResponse" time="0.318"/>
  <testcase classname="test.ComparatorTest" name="testApiResponse" time="0.314"/>
  <testcase classname="test.ComparatorTest" name="testApiResponse" time="0.369"/>
  <testcase classname="test.ComparatorTest" name="testApiResponse" time="0.361"/>
  <testcase classname="test.ComparatorTest" name="testApiResponse" time="0.357"/>
  <testcase classname="test.ComparatorTest" name="testApiResponse" time="0.331"/>
  <testcase classname="test.ComparatorTest" name="testApiResponse" time="0.329"/>
  <testcase classname="test.ComparatorTest" name="testApiResponse" time="0.325"/>
  <testcase classname="test.ComparatorTest" name="testApiResponse" time="0.329"/>
  <testcase classname="test.ComparatorTest" name="testApiResponse" time="0.319"/>
  <testcase classname="test.ComparatorTest" name="testApiResponse" time="0.362"/>
  <testcase classname="test.ComparatorTest" name="testApiResponse" time="0.353"/>
  <testcase classname="test.ComparatorTest" name="testApiResponse" time="0.354"/>
  <testcase classname="test.ComparatorTest" name="testApiResponse" time="0.34"/>
  <testcase classname="test.ComparatorTest" name="testApiResponse" time="0.349"/>
  <testcase classname="test.ComparatorTest" name="testApiResponse" time="0.334"/>
  <testcase classname="test.ComparatorTest" name="testApiResponse" time="0.337"/>
  <testcase classname="test.ComparatorTest" name="testApiResponse" time="0.357"/>
  <testcase classname="test.ComparatorTest" name="testApiResponse" time="0.353"/>
  <testcase classname="test.ComparatorTest" name="testApiResponse" time="0.357"/>
  <testcase classname="test.ComparatorTest" name="testApiResponse" time="0.366"/>
  <testcase classname="test.ComparatorTest" name="testApiResponse" time="0.339"/>
  <testcase classname="test.ComparatorTest" name="testApiResponse" time="0.362"/>
  <testcase classname="test.ComparatorTest" name="testApiResponse" time="0.39"/>
  <testcase classname="test.ComparatorTest" name="testApiResponse" time="0.388"/>
  <testcase classname="test.ComparatorTest" name="testApiResponse" time="0.427"/>
  <testcase classname="test.ComparatorTest" name="testApiResponse" time="0.369"/>
  <testcase classname="test.ComparatorTest" name="testApiResponse" time="0.37"/>
  <testcase classname="test.ComparatorTest" name="testApiResponse" time="0.379"/>
  <testcase classname="test.ComparatorTest" name="testApiResponse" time="0.356"/>
  <testcase classname="test.ComparatorTest" name="testApiResponse" time="0.368"/>
  <testcase classname="test.ComparatorTest" name="testApiResponse" time="0.389"/>
  <testcase classname="test.ComparatorTest" name="testApiResponse" time="0.363"/>
  <testcase classname="test.ComparatorTest" name="testApiResponse" time="0.369"/>
  <testcase classname="test.ComparatorTest" name="testApiResponse" time="0.359"/>
  <testcase classname="test.ComparatorTest" name="testApiResponse" time="0.345"/>
  <testcase classname="test.ComparatorTest" name="testApiResponse" time="0.31"/>
  <testcase classname="test.ComparatorTest" name="testApiResponse" time="0.335"/>
  <testcase classname="test.ComparatorTest" name="testApiResponse" time="0.348"/>
  <testcase classname="test.ComparatorTest" name="testApiResponse" time="0.352"/>
  <testcase classname="test.ComparatorTest" name="testApiResponse" time="0.339"/>
  <testcase classname="test.ComparatorTest" name="testApiResponse" time="0.35"/>
  <testcase classname="test.ComparatorTest" name="testApiResponse" time="0.316"/>
  <testcase classname="test.ComparatorTest" name="testApiResponse" time="0.35"/>
  <testcase classname="test.ComparatorTest" name="testApiResponse" time="0.322"/>
  <testcase classname="test.ComparatorTest" name="testApiResponse" time="0.35"/>
  <testcase classname="test.ComparatorTest" name="testApiResponse" time="0.351"/>
  <testcase classname="test.ComparatorTest" name="testApiResponse" time="0.348"/>
  <testcase classname="test.ComparatorTest" name="testApiResponse" time="0.31"/>
  <testcase classname="test.ComparatorTest" name="testApiResponse" time="0.36"/>
  <testcase classname="test.ComparatorTest" name="testApiResponse" time="0.347"/>
  <testcase classname="test.ComparatorTest" name="testApiResponse" time="0.33"/>
  <testcase classname="test.ComparatorTest" name="testApiResponse" time="0.347"/>
  <testcase classname="test.ComparatorTest" name="testApiResponse" time="0.33"/>
  <testcase classname="test.ComparatorTest" name="testApiResponse" time="0.329"/>
  <testcase classname="test.ComparatorTest" name="testApiResponse" time="0.34"/>
  <testcase classname="test.ComparatorTest" name="testApiResponse" time="0.332"/>
  <testcase classname="test.ComparatorTest" name="testApiResponse" time="0.331"/>
  <testcase classname="test.ComparatorTest" name="testApiResponse" time="0.325"/>
  <testcase classname="test.ComparatorTest" name="testApiResponse" time="0.356"/>
  <testcase classname="test.ComparatorTest" name="testApiResponse" time="0.349"/>
  <testcase classname="test.ComparatorTest" name="testApiResponse" time="0.311"/>
  <testcase classname="test.ComparatorTest" name="testApiResponse" time="0.331"/>
  <testcase classname="test.ComparatorTest" name="testApiResponse" time="0.326"/>
  <testcase classname="test.ComparatorTest" name="testApiResponse" time="0.336"/>
  <testcase classname="test.ComparatorTest" name="testApiResponse" time="0.329"/>
  <testcase classname="test.ComparatorTest" name="testApiResponse" time="0.337"/>
  <testcase classname="test.ComparatorTest" name="testApiResponse" time="0.327"/>
  <testcase classname="test.ComparatorTest" name="testApiResponse" time="0.325"/>
  <testcase classname="test.ComparatorTest" name="testApiResponse" time="0.313"/>
  <testcase classname="test.ComparatorTest" name="testApiResponse" time="0.448"/>
  <testcase classname="test.ComparatorTest" name="testApiResponse" time="0.334"/>
  <testcase classname="test.ComparatorTest" name="testApiResponse" time="0.332"/>
  <testcase classname="test.ComparatorTest" name="testApiResponse" time="0.365"/>
  <testcase classname="test.ComparatorTest" name="testApiResponse" time="0.349"/>
  <testcase classname="test.ComparatorTest" name="testApiResponse" time="0.31"/>
  <testcase classname="test.ComparatorTest" name="testApiResponse" time="0.347"/>
  <testcase classname="test.ComparatorTest" name="testApiResponse" time="0.332"/>
  <testcase classname="test.ComparatorTest" name="testApiResponse" time="0.312"/>
  <testcase classname="test.ComparatorTest" name="testApiResponse" time="0.317"/>
  <testcase classname="test.ComparatorTest" name="testApiResponse" time="0.325"/>
  <testcase classname="test.ComparatorTest" name="testApiResponse" time="0.329"/>
  <testcase classname="test.ComparatorTest" name="testApiResponse" time="0.324"/>
  <testcase classname="test.ComparatorTest" name="testApiResponse" time="0.322"/>
  <testcase classname="test.ComparatorTest" name="testApiResponse" time="0.31"/>
  <testcase classname="test.ComparatorTest" name="testApiResponse" time="0.377"/>
  <testcase classname="test.ComparatorTest" name="testApiResponse" time="0.337"/>
  <testcase classname="test.ComparatorTest" name="testApiResponse" time="0.338"/>
  <testcase classname="test.ComparatorTest" name="testApiResponse" time="0.331"/>
  <testcase classname="test.ComparatorTest" name="testApiResponse" time="0.319"/>
  <testcase classname="test.ComparatorTest" name="testApiResponse" time="0.363"/>
  <testcase classname="test.ComparatorTest" name="testApiResponse" time="0.306"/>
  <testcase classname="test.ComparatorTest" name="testApiResponse" time="0.32"/>
  <testcase classname="test.ComparatorTest" name="testApiResponse" time="0.308"/>
  <testcase classname="test.ComparatorTest" name="testApiResponse" time="0.318"/>
  <testcase classname="test.ComparatorTest" name="testApiResponse" time="0.302"/>
  <testcase classname="test.ComparatorTest" name="testApiResponse" time="0.301"/>
  <testcase classname="test.ComparatorTest" name="testApiResponse" time="0.305"/>
  <testcase classname="test.ComparatorTest" name="testApiResponse" time="0.329"/>
  <testcase classname="test.ComparatorTest" name="testApiResponse" time="0.301"/>
  <testcase classname="test.ComparatorTest" name="testApiResponse" time="0.295"/>
  <testcase classname="test.ComparatorTest" name="testApiResponse" time="0.296"/>
  <testcase classname="test.ComparatorTest" name="testApiResponse" time="0.32"/>
  <testcase classname="test.ComparatorTest" name="testApiResponse" time="0.293"/>
  <testcase classname="test.ComparatorTest" name="testApiResponse" time="0.289"/>
  <testcase classname="test.ComparatorTest" name="testApiResponse" time="0.292"/>
  <testcase classname="test.ComparatorTest" name="testApiResponse" time="0.287"/>
  <testcase classname="test.ComparatorTest" name="testApiResponse" time="0.296"/>
  <testcase classname="test.ComparatorTest" name="testApiResponse" time="0.281"/>
  <testcase classname="test.ComparatorTest" name="testApiResponse" time="0.302"/>
  <testcase classname="test.ComparatorTest" name="testApiResponse" time="0.303"/>
  <testcase classname="test.ComparatorTest" name="testApiResponse" time="0.294"/>
  <testcase classname="test.ComparatorTest" name="testApiResponse" time="0.297"/>
  <testcase classname="test.ComparatorTest" name="testApiResponse" time="0.291"/>
  <testcase classname="test.ComparatorTest" name="testApiResponse" time="0.294"/>
  <testcase classname="test.ComparatorTest" name="testApiResponse" time="0.339"/>
  <testcase classname="test.ComparatorTest" name="testApiResponse" time="0.294"/>
  <testcase classname="test.ComparatorTest" name="testApiResponse" time="0.281"/>
  <testcase classname="test.ComparatorTest" name="testApiResponse" time="0.288"/>
  <testcase classname="test.ComparatorTest" name="testApiResponse" time="0.3"/>
  <testcase classname="test.ComparatorTest" name="testApiResponse" time="0.295"/>
  <testcase classname="test.ComparatorTest" name="testApiResponse" time="0.297"/>
  <testcase classname="test.ComparatorTest" name="testApiResponse" time="0.287"/>
  <testcase classname="test.ComparatorTest" name="testApiResponse" time="0.304"/>
  <testcase classname="test.ComparatorTest" name="testApiResponse" time="0.289"/>
  <testcase classname="test.ComparatorTest" name="testApiResponse" time="0.288"/>
  <testcase classname="test.ComparatorTest" name="testApiResponse" time="0.297"/>
  <testcase classname="test.ComparatorTest" name="testApiResponse" time="0.294"/>
  <testcase classname="test.ComparatorTest" name="testApiResponse" time="0.297"/>
  <testcase classname="test.ComparatorTest" name="testApiResponse" time="0.331"/>
  <testcase classname="test.ComparatorTest" name="testApiResponse" time="0.293"/>
  <testcase classname="test.ComparatorTest" name="testApiResponse" time="0.311"/>
  <testcase classname="test.ComparatorTest" name="testApiResponse" time="0.297"/>
  <testcase classname="test.ComparatorTest" name="testApiResponse" time="0.298"/>
  <testcase classname="test.ComparatorTest" name="testApiResponse" time="0.314"/>
  <testcase classname="test.ComparatorTest" name="testApiResponse" time="0.32"/>
  <testcase classname="test.ComparatorTest" name="testApiResponse" time="0.307"/>
  <testcase classname="test.ComparatorTest" name="testApiResponse" time="0.312"/>
  <testcase classname="test.ComparatorTest" name="testApiResponse" time="0.336"/>
  <testcase classname="test.ComparatorTest" name="testApiResponse" time="0.31"/>
  <testcase classname="test.ComparatorTest" name="testApiResponse" time="0.343"/>
  <testcase classname="test.ComparatorTest" name="testApiResponse" time="0.309"/>
  <testcase classname="test.ComparatorTest" name="testApiResponse" time="0.31"/>
  <testcase classname="test.ComparatorTest" name="testApiResponse" time="0.339"/>
  <testcase classname="test.ComparatorTest" name="testApiResponse" time="0.351"/>
  <testcase classname="test.ComparatorTest" name="testApiResponse" time="0.343"/>
  <testcase classname="test.ComparatorTest" name="testApiResponse" time="0.34"/>
  <testcase classname="test.ComparatorTest" name="testApiResponse" time="0.346"/>
  <testcase classname="test.ComparatorTest" name="testApiResponse" time="0.325"/>
  <testcase classname="test.ComparatorTest" name="testApiResponse" time="0.322"/>
  <testcase classname="test.ComparatorTest" name="testApiResponse" time="0.324"/>
  <testcase classname="test.ComparatorTest" name="testApiResponse" time="0.344"/>
  <testcase classname="test.ComparatorTest" name="testApiResponse" time="0.322"/>
  <testcase classname="test.ComparatorTest" name="testApiResponse" time="0.348"/>
  <testcase classname="test.ComparatorTest" name="testApiResponse" time="0.319"/>
  <testcase classname="test.ComparatorTest" name="testApiResponse" time="0.347"/>
  <testcase classname="test.ComparatorTest" name="testApiResponse" time="0.335"/>
  <testcase classname="test.ComparatorTest" name="testApiResponse" time="0.369"/>
  <testcase classname="test.ComparatorTest" name="testApiResponse" time="84.88"/>
  <testcase classname="test.ComparatorTest" name="testApiResponse" time="83.395"/>
</testsuite> <!-- Command line test -->
